[2020-08-02 03:48:40,203] {logging_mixin.py:112} INFO - [2020-08-02 03:48:40,203] {settings.py:253} INFO - settings.configure_orm(): Using pool settings. pool_size=5, max_overflow=10, pool_recycle=1800, pid=172
[2020-08-02 03:48:40,210] {scheduler_job.py:153} INFO - Started process (PID=172) to work on /usr/local/airflow/dags/dummy_pipeline.py
[2020-08-02 03:48:40,219] {scheduler_job.py:1560} INFO - Processing file /usr/local/airflow/dags/dummy_pipeline.py for tasks to queue
[2020-08-02 03:48:40,220] {logging_mixin.py:112} INFO - [2020-08-02 03:48:40,220] {dagbag.py:403} INFO - Filling up the DagBag from /usr/local/airflow/dags/dummy_pipeline.py
[2020-08-02 03:48:40,247] {scheduler_job.py:1572} INFO - DAG(s) dict_keys(['dummy_pipeline']) retrieved from /usr/local/airflow/dags/dummy_pipeline.py
[2020-08-02 03:48:40,312] {scheduler_job.py:161} INFO - Processing /usr/local/airflow/dags/dummy_pipeline.py took 0.103 seconds
[2020-08-02 03:48:42,251] {logging_mixin.py:112} INFO - [2020-08-02 03:48:42,250] {settings.py:253} INFO - settings.configure_orm(): Using pool settings. pool_size=5, max_overflow=10, pool_recycle=1800, pid=200
[2020-08-02 03:48:42,254] {scheduler_job.py:153} INFO - Started process (PID=200) to work on /usr/local/airflow/dags/dummy_pipeline.py
[2020-08-02 03:48:42,268] {scheduler_job.py:1560} INFO - Processing file /usr/local/airflow/dags/dummy_pipeline.py for tasks to queue
[2020-08-02 03:48:42,284] {logging_mixin.py:112} INFO - [2020-08-02 03:48:42,284] {dagbag.py:403} INFO - Filling up the DagBag from /usr/local/airflow/dags/dummy_pipeline.py
[2020-08-02 03:48:42,322] {scheduler_job.py:1572} INFO - DAG(s) dict_keys(['dummy_pipeline']) retrieved from /usr/local/airflow/dags/dummy_pipeline.py
[2020-08-02 03:48:42,435] {scheduler_job.py:161} INFO - Processing /usr/local/airflow/dags/dummy_pipeline.py took 0.180 seconds
[2020-08-02 03:48:44,307] {logging_mixin.py:112} INFO - [2020-08-02 03:48:44,307] {settings.py:253} INFO - settings.configure_orm(): Using pool settings. pool_size=5, max_overflow=10, pool_recycle=1800, pid=221
[2020-08-02 03:48:44,312] {scheduler_job.py:153} INFO - Started process (PID=221) to work on /usr/local/airflow/dags/dummy_pipeline.py
[2020-08-02 03:48:44,319] {scheduler_job.py:1560} INFO - Processing file /usr/local/airflow/dags/dummy_pipeline.py for tasks to queue
[2020-08-02 03:48:44,321] {logging_mixin.py:112} INFO - [2020-08-02 03:48:44,320] {dagbag.py:403} INFO - Filling up the DagBag from /usr/local/airflow/dags/dummy_pipeline.py
[2020-08-02 03:48:44,389] {scheduler_job.py:1572} INFO - DAG(s) dict_keys(['dummy_pipeline']) retrieved from /usr/local/airflow/dags/dummy_pipeline.py
[2020-08-02 03:48:44,471] {scheduler_job.py:161} INFO - Processing /usr/local/airflow/dags/dummy_pipeline.py took 0.159 seconds
[2020-08-02 03:48:45,239] {logging_mixin.py:112} INFO - [2020-08-02 03:48:45,238] {settings.py:253} INFO - settings.configure_orm(): Using pool settings. pool_size=5, max_overflow=10, pool_recycle=1800, pid=231
[2020-08-02 03:48:45,243] {scheduler_job.py:153} INFO - Started process (PID=231) to work on /usr/local/airflow/dags/dummy_pipeline.py
[2020-08-02 03:48:45,248] {scheduler_job.py:1560} INFO - Processing file /usr/local/airflow/dags/dummy_pipeline.py for tasks to queue
[2020-08-02 03:48:45,250] {logging_mixin.py:112} INFO - [2020-08-02 03:48:45,249] {dagbag.py:403} INFO - Filling up the DagBag from /usr/local/airflow/dags/dummy_pipeline.py
[2020-08-02 03:48:45,271] {scheduler_job.py:1572} INFO - DAG(s) dict_keys(['dummy_pipeline']) retrieved from /usr/local/airflow/dags/dummy_pipeline.py
[2020-08-02 03:48:45,306] {scheduler_job.py:161} INFO - Processing /usr/local/airflow/dags/dummy_pipeline.py took 0.064 seconds
[2020-08-02 03:48:47,235] {logging_mixin.py:112} INFO - [2020-08-02 03:48:47,235] {settings.py:253} INFO - settings.configure_orm(): Using pool settings. pool_size=5, max_overflow=10, pool_recycle=1800, pid=248
[2020-08-02 03:48:47,239] {scheduler_job.py:153} INFO - Started process (PID=248) to work on /usr/local/airflow/dags/dummy_pipeline.py
[2020-08-02 03:48:47,242] {scheduler_job.py:1560} INFO - Processing file /usr/local/airflow/dags/dummy_pipeline.py for tasks to queue
[2020-08-02 03:48:47,243] {logging_mixin.py:112} INFO - [2020-08-02 03:48:47,243] {dagbag.py:403} INFO - Filling up the DagBag from /usr/local/airflow/dags/dummy_pipeline.py
[2020-08-02 03:48:47,267] {scheduler_job.py:1572} INFO - DAG(s) dict_keys(['dummy_pipeline']) retrieved from /usr/local/airflow/dags/dummy_pipeline.py
[2020-08-02 03:48:47,316] {scheduler_job.py:161} INFO - Processing /usr/local/airflow/dags/dummy_pipeline.py took 0.077 seconds
[2020-08-02 03:48:49,271] {logging_mixin.py:112} INFO - [2020-08-02 03:48:49,270] {settings.py:253} INFO - settings.configure_orm(): Using pool settings. pool_size=5, max_overflow=10, pool_recycle=1800, pid=268
[2020-08-02 03:48:49,277] {scheduler_job.py:153} INFO - Started process (PID=268) to work on /usr/local/airflow/dags/dummy_pipeline.py
[2020-08-02 03:48:49,283] {scheduler_job.py:1560} INFO - Processing file /usr/local/airflow/dags/dummy_pipeline.py for tasks to queue
[2020-08-02 03:48:49,284] {logging_mixin.py:112} INFO - [2020-08-02 03:48:49,284] {dagbag.py:403} INFO - Filling up the DagBag from /usr/local/airflow/dags/dummy_pipeline.py
[2020-08-02 03:48:49,315] {scheduler_job.py:1572} INFO - DAG(s) dict_keys(['dummy_pipeline']) retrieved from /usr/local/airflow/dags/dummy_pipeline.py
[2020-08-02 03:48:49,354] {scheduler_job.py:161} INFO - Processing /usr/local/airflow/dags/dummy_pipeline.py took 0.077 seconds
[2020-08-02 03:48:51,291] {logging_mixin.py:112} INFO - [2020-08-02 03:48:51,290] {settings.py:253} INFO - settings.configure_orm(): Using pool settings. pool_size=5, max_overflow=10, pool_recycle=1800, pid=288
[2020-08-02 03:48:51,294] {scheduler_job.py:153} INFO - Started process (PID=288) to work on /usr/local/airflow/dags/dummy_pipeline.py
[2020-08-02 03:48:51,298] {scheduler_job.py:1560} INFO - Processing file /usr/local/airflow/dags/dummy_pipeline.py for tasks to queue
[2020-08-02 03:48:51,299] {logging_mixin.py:112} INFO - [2020-08-02 03:48:51,299] {dagbag.py:403} INFO - Filling up the DagBag from /usr/local/airflow/dags/dummy_pipeline.py
[2020-08-02 03:48:51,326] {scheduler_job.py:1572} INFO - DAG(s) dict_keys(['dummy_pipeline']) retrieved from /usr/local/airflow/dags/dummy_pipeline.py
[2020-08-02 03:48:51,381] {scheduler_job.py:161} INFO - Processing /usr/local/airflow/dags/dummy_pipeline.py took 0.087 seconds
[2020-08-02 03:48:53,318] {logging_mixin.py:112} INFO - [2020-08-02 03:48:53,317] {settings.py:253} INFO - settings.configure_orm(): Using pool settings. pool_size=5, max_overflow=10, pool_recycle=1800, pid=308
[2020-08-02 03:48:53,321] {scheduler_job.py:153} INFO - Started process (PID=308) to work on /usr/local/airflow/dags/dummy_pipeline.py
[2020-08-02 03:48:53,325] {scheduler_job.py:1560} INFO - Processing file /usr/local/airflow/dags/dummy_pipeline.py for tasks to queue
[2020-08-02 03:48:53,329] {logging_mixin.py:112} INFO - [2020-08-02 03:48:53,327] {dagbag.py:403} INFO - Filling up the DagBag from /usr/local/airflow/dags/dummy_pipeline.py
[2020-08-02 03:48:53,367] {scheduler_job.py:1572} INFO - DAG(s) dict_keys(['dummy_pipeline']) retrieved from /usr/local/airflow/dags/dummy_pipeline.py
[2020-08-02 03:48:53,432] {scheduler_job.py:161} INFO - Processing /usr/local/airflow/dags/dummy_pipeline.py took 0.111 seconds
[2020-08-02 03:48:55,339] {logging_mixin.py:112} INFO - [2020-08-02 03:48:55,338] {settings.py:253} INFO - settings.configure_orm(): Using pool settings. pool_size=5, max_overflow=10, pool_recycle=1800, pid=328
[2020-08-02 03:48:55,345] {scheduler_job.py:153} INFO - Started process (PID=328) to work on /usr/local/airflow/dags/dummy_pipeline.py
[2020-08-02 03:48:55,352] {scheduler_job.py:1560} INFO - Processing file /usr/local/airflow/dags/dummy_pipeline.py for tasks to queue
[2020-08-02 03:48:55,354] {logging_mixin.py:112} INFO - [2020-08-02 03:48:55,354] {dagbag.py:403} INFO - Filling up the DagBag from /usr/local/airflow/dags/dummy_pipeline.py
[2020-08-02 03:48:55,382] {scheduler_job.py:1572} INFO - DAG(s) dict_keys(['dummy_pipeline']) retrieved from /usr/local/airflow/dags/dummy_pipeline.py
[2020-08-02 03:48:55,441] {scheduler_job.py:161} INFO - Processing /usr/local/airflow/dags/dummy_pipeline.py took 0.096 seconds
[2020-08-02 03:48:57,402] {logging_mixin.py:112} INFO - [2020-08-02 03:48:57,402] {settings.py:253} INFO - settings.configure_orm(): Using pool settings. pool_size=5, max_overflow=10, pool_recycle=1800, pid=348
[2020-08-02 03:48:57,409] {scheduler_job.py:153} INFO - Started process (PID=348) to work on /usr/local/airflow/dags/dummy_pipeline.py
[2020-08-02 03:48:57,421] {scheduler_job.py:1560} INFO - Processing file /usr/local/airflow/dags/dummy_pipeline.py for tasks to queue
[2020-08-02 03:48:57,425] {logging_mixin.py:112} INFO - [2020-08-02 03:48:57,425] {dagbag.py:403} INFO - Filling up the DagBag from /usr/local/airflow/dags/dummy_pipeline.py
[2020-08-02 03:48:57,492] {scheduler_job.py:1572} INFO - DAG(s) dict_keys(['dummy_pipeline']) retrieved from /usr/local/airflow/dags/dummy_pipeline.py
[2020-08-02 03:48:57,547] {scheduler_job.py:161} INFO - Processing /usr/local/airflow/dags/dummy_pipeline.py took 0.138 seconds
[2020-08-02 03:48:59,422] {logging_mixin.py:112} INFO - [2020-08-02 03:48:59,421] {settings.py:253} INFO - settings.configure_orm(): Using pool settings. pool_size=5, max_overflow=10, pool_recycle=1800, pid=368
[2020-08-02 03:48:59,425] {scheduler_job.py:153} INFO - Started process (PID=368) to work on /usr/local/airflow/dags/dummy_pipeline.py
[2020-08-02 03:48:59,429] {scheduler_job.py:1560} INFO - Processing file /usr/local/airflow/dags/dummy_pipeline.py for tasks to queue
[2020-08-02 03:48:59,431] {logging_mixin.py:112} INFO - [2020-08-02 03:48:59,431] {dagbag.py:403} INFO - Filling up the DagBag from /usr/local/airflow/dags/dummy_pipeline.py
[2020-08-02 03:48:59,468] {scheduler_job.py:1572} INFO - DAG(s) dict_keys(['dummy_pipeline']) retrieved from /usr/local/airflow/dags/dummy_pipeline.py
[2020-08-02 03:48:59,510] {scheduler_job.py:161} INFO - Processing /usr/local/airflow/dags/dummy_pipeline.py took 0.084 seconds
[2020-08-02 03:49:01,450] {logging_mixin.py:112} INFO - [2020-08-02 03:49:01,449] {settings.py:253} INFO - settings.configure_orm(): Using pool settings. pool_size=5, max_overflow=10, pool_recycle=1800, pid=388
[2020-08-02 03:49:01,455] {scheduler_job.py:153} INFO - Started process (PID=388) to work on /usr/local/airflow/dags/dummy_pipeline.py
[2020-08-02 03:49:01,459] {scheduler_job.py:1560} INFO - Processing file /usr/local/airflow/dags/dummy_pipeline.py for tasks to queue
[2020-08-02 03:49:01,460] {logging_mixin.py:112} INFO - [2020-08-02 03:49:01,460] {dagbag.py:403} INFO - Filling up the DagBag from /usr/local/airflow/dags/dummy_pipeline.py
[2020-08-02 03:49:01,486] {scheduler_job.py:1572} INFO - DAG(s) dict_keys(['dummy_pipeline']) retrieved from /usr/local/airflow/dags/dummy_pipeline.py
[2020-08-02 03:49:01,525] {scheduler_job.py:161} INFO - Processing /usr/local/airflow/dags/dummy_pipeline.py took 0.070 seconds
[2020-08-02 03:49:03,475] {logging_mixin.py:112} INFO - [2020-08-02 03:49:03,474] {settings.py:253} INFO - settings.configure_orm(): Using pool settings. pool_size=5, max_overflow=10, pool_recycle=1800, pid=408
[2020-08-02 03:49:03,479] {scheduler_job.py:153} INFO - Started process (PID=408) to work on /usr/local/airflow/dags/dummy_pipeline.py
[2020-08-02 03:49:03,484] {scheduler_job.py:1560} INFO - Processing file /usr/local/airflow/dags/dummy_pipeline.py for tasks to queue
[2020-08-02 03:49:03,485] {logging_mixin.py:112} INFO - [2020-08-02 03:49:03,485] {dagbag.py:403} INFO - Filling up the DagBag from /usr/local/airflow/dags/dummy_pipeline.py
[2020-08-02 03:49:03,520] {scheduler_job.py:1572} INFO - DAG(s) dict_keys(['dummy_pipeline']) retrieved from /usr/local/airflow/dags/dummy_pipeline.py
[2020-08-02 03:49:03,569] {scheduler_job.py:161} INFO - Processing /usr/local/airflow/dags/dummy_pipeline.py took 0.090 seconds
[2020-08-02 03:49:05,491] {logging_mixin.py:112} INFO - [2020-08-02 03:49:05,491] {settings.py:253} INFO - settings.configure_orm(): Using pool settings. pool_size=5, max_overflow=10, pool_recycle=1800, pid=428
[2020-08-02 03:49:05,495] {scheduler_job.py:153} INFO - Started process (PID=428) to work on /usr/local/airflow/dags/dummy_pipeline.py
[2020-08-02 03:49:05,501] {scheduler_job.py:1560} INFO - Processing file /usr/local/airflow/dags/dummy_pipeline.py for tasks to queue
[2020-08-02 03:49:05,504] {logging_mixin.py:112} INFO - [2020-08-02 03:49:05,503] {dagbag.py:403} INFO - Filling up the DagBag from /usr/local/airflow/dags/dummy_pipeline.py
[2020-08-02 03:49:05,549] {scheduler_job.py:1572} INFO - DAG(s) dict_keys(['dummy_pipeline']) retrieved from /usr/local/airflow/dags/dummy_pipeline.py
[2020-08-02 03:49:05,592] {scheduler_job.py:161} INFO - Processing /usr/local/airflow/dags/dummy_pipeline.py took 0.098 seconds
[2020-08-02 03:49:07,500] {logging_mixin.py:112} INFO - [2020-08-02 03:49:07,500] {settings.py:253} INFO - settings.configure_orm(): Using pool settings. pool_size=5, max_overflow=10, pool_recycle=1800, pid=451
[2020-08-02 03:49:07,504] {scheduler_job.py:153} INFO - Started process (PID=451) to work on /usr/local/airflow/dags/dummy_pipeline.py
[2020-08-02 03:49:07,514] {scheduler_job.py:1560} INFO - Processing file /usr/local/airflow/dags/dummy_pipeline.py for tasks to queue
[2020-08-02 03:49:07,515] {logging_mixin.py:112} INFO - [2020-08-02 03:49:07,514] {dagbag.py:403} INFO - Filling up the DagBag from /usr/local/airflow/dags/dummy_pipeline.py
[2020-08-02 03:49:07,536] {scheduler_job.py:1572} INFO - DAG(s) dict_keys(['dummy_pipeline']) retrieved from /usr/local/airflow/dags/dummy_pipeline.py
[2020-08-02 03:49:07,591] {scheduler_job.py:161} INFO - Processing /usr/local/airflow/dags/dummy_pipeline.py took 0.088 seconds
[2020-08-02 03:49:09,526] {logging_mixin.py:112} INFO - [2020-08-02 03:49:09,526] {settings.py:253} INFO - settings.configure_orm(): Using pool settings. pool_size=5, max_overflow=10, pool_recycle=1800, pid=473
[2020-08-02 03:49:09,532] {scheduler_job.py:153} INFO - Started process (PID=473) to work on /usr/local/airflow/dags/dummy_pipeline.py
[2020-08-02 03:49:09,538] {scheduler_job.py:1560} INFO - Processing file /usr/local/airflow/dags/dummy_pipeline.py for tasks to queue
[2020-08-02 03:49:09,540] {logging_mixin.py:112} INFO - [2020-08-02 03:49:09,540] {dagbag.py:403} INFO - Filling up the DagBag from /usr/local/airflow/dags/dummy_pipeline.py
[2020-08-02 03:49:09,574] {scheduler_job.py:1572} INFO - DAG(s) dict_keys(['dummy_pipeline']) retrieved from /usr/local/airflow/dags/dummy_pipeline.py
[2020-08-02 03:49:09,640] {scheduler_job.py:161} INFO - Processing /usr/local/airflow/dags/dummy_pipeline.py took 0.108 seconds
[2020-08-02 03:49:11,830] {logging_mixin.py:112} INFO - [2020-08-02 03:49:11,830] {settings.py:253} INFO - settings.configure_orm(): Using pool settings. pool_size=5, max_overflow=10, pool_recycle=1800, pid=494
[2020-08-02 03:49:11,836] {scheduler_job.py:153} INFO - Started process (PID=494) to work on /usr/local/airflow/dags/dummy_pipeline.py
[2020-08-02 03:49:11,844] {scheduler_job.py:1560} INFO - Processing file /usr/local/airflow/dags/dummy_pipeline.py for tasks to queue
[2020-08-02 03:49:11,846] {logging_mixin.py:112} INFO - [2020-08-02 03:49:11,845] {dagbag.py:403} INFO - Filling up the DagBag from /usr/local/airflow/dags/dummy_pipeline.py
[2020-08-02 03:49:11,876] {scheduler_job.py:1572} INFO - DAG(s) dict_keys(['dummy_pipeline']) retrieved from /usr/local/airflow/dags/dummy_pipeline.py
[2020-08-02 03:49:12,004] {scheduler_job.py:161} INFO - Processing /usr/local/airflow/dags/dummy_pipeline.py took 0.168 seconds
[2020-08-02 03:49:12,615] {logging_mixin.py:112} INFO - [2020-08-02 03:49:12,614] {settings.py:253} INFO - settings.configure_orm(): Using pool settings. pool_size=5, max_overflow=10, pool_recycle=1800, pid=504
[2020-08-02 03:49:12,618] {scheduler_job.py:153} INFO - Started process (PID=504) to work on /usr/local/airflow/dags/dummy_pipeline.py
[2020-08-02 03:49:12,621] {scheduler_job.py:1560} INFO - Processing file /usr/local/airflow/dags/dummy_pipeline.py for tasks to queue
[2020-08-02 03:49:12,630] {logging_mixin.py:112} INFO - [2020-08-02 03:49:12,629] {dagbag.py:403} INFO - Filling up the DagBag from /usr/local/airflow/dags/dummy_pipeline.py
[2020-08-02 03:49:12,675] {scheduler_job.py:1572} INFO - DAG(s) dict_keys(['dummy_pipeline']) retrieved from /usr/local/airflow/dags/dummy_pipeline.py
[2020-08-02 03:49:12,773] {scheduler_job.py:161} INFO - Processing /usr/local/airflow/dags/dummy_pipeline.py took 0.156 seconds
[2020-08-02 03:49:14,688] {logging_mixin.py:112} INFO - [2020-08-02 03:49:14,688] {settings.py:253} INFO - settings.configure_orm(): Using pool settings. pool_size=5, max_overflow=10, pool_recycle=1800, pid=529
[2020-08-02 03:49:14,712] {scheduler_job.py:153} INFO - Started process (PID=529) to work on /usr/local/airflow/dags/dummy_pipeline.py
[2020-08-02 03:49:14,720] {scheduler_job.py:1560} INFO - Processing file /usr/local/airflow/dags/dummy_pipeline.py for tasks to queue
[2020-08-02 03:49:14,721] {logging_mixin.py:112} INFO - [2020-08-02 03:49:14,721] {dagbag.py:403} INFO - Filling up the DagBag from /usr/local/airflow/dags/dummy_pipeline.py
[2020-08-02 03:49:14,738] {scheduler_job.py:1572} INFO - DAG(s) dict_keys(['dummy_pipeline']) retrieved from /usr/local/airflow/dags/dummy_pipeline.py
[2020-08-02 03:49:14,829] {scheduler_job.py:161} INFO - Processing /usr/local/airflow/dags/dummy_pipeline.py took 0.117 seconds
[2020-08-02 03:49:15,662] {logging_mixin.py:112} INFO - [2020-08-02 03:49:15,661] {settings.py:253} INFO - settings.configure_orm(): Using pool settings. pool_size=5, max_overflow=10, pool_recycle=1800, pid=542
[2020-08-02 03:49:15,675] {scheduler_job.py:153} INFO - Started process (PID=542) to work on /usr/local/airflow/dags/dummy_pipeline.py
[2020-08-02 03:49:15,679] {scheduler_job.py:1560} INFO - Processing file /usr/local/airflow/dags/dummy_pipeline.py for tasks to queue
[2020-08-02 03:49:15,681] {logging_mixin.py:112} INFO - [2020-08-02 03:49:15,681] {dagbag.py:403} INFO - Filling up the DagBag from /usr/local/airflow/dags/dummy_pipeline.py
[2020-08-02 03:49:15,726] {scheduler_job.py:1572} INFO - DAG(s) dict_keys(['dummy_pipeline']) retrieved from /usr/local/airflow/dags/dummy_pipeline.py
[2020-08-02 03:49:15,822] {scheduler_job.py:161} INFO - Processing /usr/local/airflow/dags/dummy_pipeline.py took 0.147 seconds
[2020-08-02 03:49:17,688] {logging_mixin.py:112} INFO - [2020-08-02 03:49:17,687] {settings.py:253} INFO - settings.configure_orm(): Using pool settings. pool_size=5, max_overflow=10, pool_recycle=1800, pid=560
[2020-08-02 03:49:17,693] {scheduler_job.py:153} INFO - Started process (PID=560) to work on /usr/local/airflow/dags/dummy_pipeline.py
[2020-08-02 03:49:17,710] {scheduler_job.py:1560} INFO - Processing file /usr/local/airflow/dags/dummy_pipeline.py for tasks to queue
[2020-08-02 03:49:17,724] {logging_mixin.py:112} INFO - [2020-08-02 03:49:17,724] {dagbag.py:403} INFO - Filling up the DagBag from /usr/local/airflow/dags/dummy_pipeline.py
[2020-08-02 03:49:17,754] {scheduler_job.py:1572} INFO - DAG(s) dict_keys(['dummy_pipeline']) retrieved from /usr/local/airflow/dags/dummy_pipeline.py
[2020-08-02 03:49:17,850] {scheduler_job.py:161} INFO - Processing /usr/local/airflow/dags/dummy_pipeline.py took 0.157 seconds
[2020-08-02 03:49:18,707] {logging_mixin.py:112} INFO - [2020-08-02 03:49:18,706] {settings.py:253} INFO - settings.configure_orm(): Using pool settings. pool_size=5, max_overflow=10, pool_recycle=1800, pid=570
[2020-08-02 03:49:18,712] {scheduler_job.py:153} INFO - Started process (PID=570) to work on /usr/local/airflow/dags/dummy_pipeline.py
[2020-08-02 03:49:18,727] {scheduler_job.py:1560} INFO - Processing file /usr/local/airflow/dags/dummy_pipeline.py for tasks to queue
[2020-08-02 03:49:18,731] {logging_mixin.py:112} INFO - [2020-08-02 03:49:18,731] {dagbag.py:403} INFO - Filling up the DagBag from /usr/local/airflow/dags/dummy_pipeline.py
[2020-08-02 03:49:18,751] {scheduler_job.py:1572} INFO - DAG(s) dict_keys(['dummy_pipeline']) retrieved from /usr/local/airflow/dags/dummy_pipeline.py
[2020-08-02 03:49:18,861] {scheduler_job.py:161} INFO - Processing /usr/local/airflow/dags/dummy_pipeline.py took 0.149 seconds
[2020-08-02 03:49:20,688] {logging_mixin.py:112} INFO - [2020-08-02 03:49:20,688] {settings.py:253} INFO - settings.configure_orm(): Using pool settings. pool_size=5, max_overflow=10, pool_recycle=1800, pid=595
[2020-08-02 03:49:20,691] {scheduler_job.py:153} INFO - Started process (PID=595) to work on /usr/local/airflow/dags/dummy_pipeline.py
[2020-08-02 03:49:20,694] {scheduler_job.py:1560} INFO - Processing file /usr/local/airflow/dags/dummy_pipeline.py for tasks to queue
[2020-08-02 03:49:20,695] {logging_mixin.py:112} INFO - [2020-08-02 03:49:20,695] {dagbag.py:403} INFO - Filling up the DagBag from /usr/local/airflow/dags/dummy_pipeline.py
[2020-08-02 03:49:20,727] {scheduler_job.py:1572} INFO - DAG(s) dict_keys(['dummy_pipeline']) retrieved from /usr/local/airflow/dags/dummy_pipeline.py
[2020-08-02 03:49:20,754] {scheduler_job.py:161} INFO - Processing /usr/local/airflow/dags/dummy_pipeline.py took 0.063 seconds
[2020-08-02 03:49:22,709] {logging_mixin.py:112} INFO - [2020-08-02 03:49:22,708] {settings.py:253} INFO - settings.configure_orm(): Using pool settings. pool_size=5, max_overflow=10, pool_recycle=1800, pid=615
[2020-08-02 03:49:22,718] {scheduler_job.py:153} INFO - Started process (PID=615) to work on /usr/local/airflow/dags/dummy_pipeline.py
[2020-08-02 03:49:22,727] {scheduler_job.py:1560} INFO - Processing file /usr/local/airflow/dags/dummy_pipeline.py for tasks to queue
[2020-08-02 03:49:22,728] {logging_mixin.py:112} INFO - [2020-08-02 03:49:22,728] {dagbag.py:403} INFO - Filling up the DagBag from /usr/local/airflow/dags/dummy_pipeline.py
[2020-08-02 03:49:22,760] {scheduler_job.py:1572} INFO - DAG(s) dict_keys(['dummy_pipeline']) retrieved from /usr/local/airflow/dags/dummy_pipeline.py
[2020-08-02 03:49:22,801] {scheduler_job.py:161} INFO - Processing /usr/local/airflow/dags/dummy_pipeline.py took 0.083 seconds
[2020-08-02 03:49:24,784] {logging_mixin.py:112} INFO - [2020-08-02 03:49:24,783] {settings.py:253} INFO - settings.configure_orm(): Using pool settings. pool_size=5, max_overflow=10, pool_recycle=1800, pid=635
[2020-08-02 03:49:24,864] {scheduler_job.py:153} INFO - Started process (PID=635) to work on /usr/local/airflow/dags/dummy_pipeline.py
[2020-08-02 03:49:24,868] {scheduler_job.py:1560} INFO - Processing file /usr/local/airflow/dags/dummy_pipeline.py for tasks to queue
[2020-08-02 03:49:24,873] {logging_mixin.py:112} INFO - [2020-08-02 03:49:24,873] {dagbag.py:403} INFO - Filling up the DagBag from /usr/local/airflow/dags/dummy_pipeline.py
[2020-08-02 03:49:24,904] {scheduler_job.py:1572} INFO - DAG(s) dict_keys(['dummy_pipeline']) retrieved from /usr/local/airflow/dags/dummy_pipeline.py
[2020-08-02 03:49:24,966] {scheduler_job.py:161} INFO - Processing /usr/local/airflow/dags/dummy_pipeline.py took 0.102 seconds
[2020-08-02 03:49:26,767] {logging_mixin.py:112} INFO - [2020-08-02 03:49:26,766] {settings.py:253} INFO - settings.configure_orm(): Using pool settings. pool_size=5, max_overflow=10, pool_recycle=1800, pid=655
[2020-08-02 03:49:26,770] {scheduler_job.py:153} INFO - Started process (PID=655) to work on /usr/local/airflow/dags/dummy_pipeline.py
[2020-08-02 03:49:26,774] {scheduler_job.py:1560} INFO - Processing file /usr/local/airflow/dags/dummy_pipeline.py for tasks to queue
[2020-08-02 03:49:26,775] {logging_mixin.py:112} INFO - [2020-08-02 03:49:26,775] {dagbag.py:403} INFO - Filling up the DagBag from /usr/local/airflow/dags/dummy_pipeline.py
[2020-08-02 03:49:26,797] {scheduler_job.py:1572} INFO - DAG(s) dict_keys(['dummy_pipeline']) retrieved from /usr/local/airflow/dags/dummy_pipeline.py
[2020-08-02 03:49:26,870] {scheduler_job.py:161} INFO - Processing /usr/local/airflow/dags/dummy_pipeline.py took 0.100 seconds
[2020-08-02 03:49:28,799] {logging_mixin.py:112} INFO - [2020-08-02 03:49:28,799] {settings.py:253} INFO - settings.configure_orm(): Using pool settings. pool_size=5, max_overflow=10, pool_recycle=1800, pid=675
[2020-08-02 03:49:28,813] {scheduler_job.py:153} INFO - Started process (PID=675) to work on /usr/local/airflow/dags/dummy_pipeline.py
[2020-08-02 03:49:28,821] {scheduler_job.py:1560} INFO - Processing file /usr/local/airflow/dags/dummy_pipeline.py for tasks to queue
[2020-08-02 03:49:28,822] {logging_mixin.py:112} INFO - [2020-08-02 03:49:28,822] {dagbag.py:403} INFO - Filling up the DagBag from /usr/local/airflow/dags/dummy_pipeline.py
[2020-08-02 03:49:28,856] {scheduler_job.py:1572} INFO - DAG(s) dict_keys(['dummy_pipeline']) retrieved from /usr/local/airflow/dags/dummy_pipeline.py
[2020-08-02 03:49:28,930] {scheduler_job.py:161} INFO - Processing /usr/local/airflow/dags/dummy_pipeline.py took 0.118 seconds
[2020-08-02 03:49:30,844] {logging_mixin.py:112} INFO - [2020-08-02 03:49:30,843] {settings.py:253} INFO - settings.configure_orm(): Using pool settings. pool_size=5, max_overflow=10, pool_recycle=1800, pid=695
[2020-08-02 03:49:30,860] {scheduler_job.py:153} INFO - Started process (PID=695) to work on /usr/local/airflow/dags/dummy_pipeline.py
[2020-08-02 03:49:30,865] {scheduler_job.py:1560} INFO - Processing file /usr/local/airflow/dags/dummy_pipeline.py for tasks to queue
[2020-08-02 03:49:30,866] {logging_mixin.py:112} INFO - [2020-08-02 03:49:30,866] {dagbag.py:403} INFO - Filling up the DagBag from /usr/local/airflow/dags/dummy_pipeline.py
[2020-08-02 03:49:30,896] {scheduler_job.py:1572} INFO - DAG(s) dict_keys(['dummy_pipeline']) retrieved from /usr/local/airflow/dags/dummy_pipeline.py
[2020-08-02 03:49:30,941] {scheduler_job.py:161} INFO - Processing /usr/local/airflow/dags/dummy_pipeline.py took 0.081 seconds
[2020-08-02 03:49:32,861] {logging_mixin.py:112} INFO - [2020-08-02 03:49:32,860] {settings.py:253} INFO - settings.configure_orm(): Using pool settings. pool_size=5, max_overflow=10, pool_recycle=1800, pid=715
[2020-08-02 03:49:32,866] {scheduler_job.py:153} INFO - Started process (PID=715) to work on /usr/local/airflow/dags/dummy_pipeline.py
[2020-08-02 03:49:32,874] {scheduler_job.py:1560} INFO - Processing file /usr/local/airflow/dags/dummy_pipeline.py for tasks to queue
[2020-08-02 03:49:32,876] {logging_mixin.py:112} INFO - [2020-08-02 03:49:32,875] {dagbag.py:403} INFO - Filling up the DagBag from /usr/local/airflow/dags/dummy_pipeline.py
[2020-08-02 03:49:32,912] {scheduler_job.py:1572} INFO - DAG(s) dict_keys(['dummy_pipeline']) retrieved from /usr/local/airflow/dags/dummy_pipeline.py
[2020-08-02 03:49:32,965] {scheduler_job.py:161} INFO - Processing /usr/local/airflow/dags/dummy_pipeline.py took 0.099 seconds
[2020-08-02 03:49:34,879] {logging_mixin.py:112} INFO - [2020-08-02 03:49:34,879] {settings.py:253} INFO - settings.configure_orm(): Using pool settings. pool_size=5, max_overflow=10, pool_recycle=1800, pid=735
[2020-08-02 03:49:34,883] {scheduler_job.py:153} INFO - Started process (PID=735) to work on /usr/local/airflow/dags/dummy_pipeline.py
[2020-08-02 03:49:34,888] {scheduler_job.py:1560} INFO - Processing file /usr/local/airflow/dags/dummy_pipeline.py for tasks to queue
[2020-08-02 03:49:34,890] {logging_mixin.py:112} INFO - [2020-08-02 03:49:34,889] {dagbag.py:403} INFO - Filling up the DagBag from /usr/local/airflow/dags/dummy_pipeline.py
[2020-08-02 03:49:34,919] {scheduler_job.py:1572} INFO - DAG(s) dict_keys(['dummy_pipeline']) retrieved from /usr/local/airflow/dags/dummy_pipeline.py
[2020-08-02 03:49:34,996] {scheduler_job.py:161} INFO - Processing /usr/local/airflow/dags/dummy_pipeline.py took 0.112 seconds
[2020-08-02 03:49:36,882] {logging_mixin.py:112} INFO - [2020-08-02 03:49:36,882] {settings.py:253} INFO - settings.configure_orm(): Using pool settings. pool_size=5, max_overflow=10, pool_recycle=1800, pid=755
[2020-08-02 03:49:36,890] {scheduler_job.py:153} INFO - Started process (PID=755) to work on /usr/local/airflow/dags/dummy_pipeline.py
[2020-08-02 03:49:36,894] {scheduler_job.py:1560} INFO - Processing file /usr/local/airflow/dags/dummy_pipeline.py for tasks to queue
[2020-08-02 03:49:36,895] {logging_mixin.py:112} INFO - [2020-08-02 03:49:36,895] {dagbag.py:403} INFO - Filling up the DagBag from /usr/local/airflow/dags/dummy_pipeline.py
[2020-08-02 03:49:36,919] {scheduler_job.py:1572} INFO - DAG(s) dict_keys(['dummy_pipeline']) retrieved from /usr/local/airflow/dags/dummy_pipeline.py
[2020-08-02 03:49:36,952] {scheduler_job.py:161} INFO - Processing /usr/local/airflow/dags/dummy_pipeline.py took 0.062 seconds
[2020-08-02 03:49:38,910] {logging_mixin.py:112} INFO - [2020-08-02 03:49:38,910] {settings.py:253} INFO - settings.configure_orm(): Using pool settings. pool_size=5, max_overflow=10, pool_recycle=1800, pid=775
[2020-08-02 03:49:38,917] {scheduler_job.py:153} INFO - Started process (PID=775) to work on /usr/local/airflow/dags/dummy_pipeline.py
[2020-08-02 03:49:38,922] {scheduler_job.py:1560} INFO - Processing file /usr/local/airflow/dags/dummy_pipeline.py for tasks to queue
[2020-08-02 03:49:38,922] {logging_mixin.py:112} INFO - [2020-08-02 03:49:38,922] {dagbag.py:403} INFO - Filling up the DagBag from /usr/local/airflow/dags/dummy_pipeline.py
[2020-08-02 03:49:38,950] {scheduler_job.py:1572} INFO - DAG(s) dict_keys(['dummy_pipeline']) retrieved from /usr/local/airflow/dags/dummy_pipeline.py
[2020-08-02 03:49:39,008] {scheduler_job.py:161} INFO - Processing /usr/local/airflow/dags/dummy_pipeline.py took 0.092 seconds
[2020-08-02 03:49:40,933] {logging_mixin.py:112} INFO - [2020-08-02 03:49:40,932] {settings.py:253} INFO - settings.configure_orm(): Using pool settings. pool_size=5, max_overflow=10, pool_recycle=1800, pid=795
[2020-08-02 03:49:40,938] {scheduler_job.py:153} INFO - Started process (PID=795) to work on /usr/local/airflow/dags/dummy_pipeline.py
[2020-08-02 03:49:40,942] {scheduler_job.py:1560} INFO - Processing file /usr/local/airflow/dags/dummy_pipeline.py for tasks to queue
[2020-08-02 03:49:40,943] {logging_mixin.py:112} INFO - [2020-08-02 03:49:40,943] {dagbag.py:403} INFO - Filling up the DagBag from /usr/local/airflow/dags/dummy_pipeline.py
[2020-08-02 03:49:40,975] {scheduler_job.py:1572} INFO - DAG(s) dict_keys(['dummy_pipeline']) retrieved from /usr/local/airflow/dags/dummy_pipeline.py
[2020-08-02 03:49:41,038] {scheduler_job.py:161} INFO - Processing /usr/local/airflow/dags/dummy_pipeline.py took 0.100 seconds
[2020-08-02 03:49:42,974] {logging_mixin.py:112} INFO - [2020-08-02 03:49:42,974] {settings.py:253} INFO - settings.configure_orm(): Using pool settings. pool_size=5, max_overflow=10, pool_recycle=1800, pid=815
[2020-08-02 03:49:42,977] {scheduler_job.py:153} INFO - Started process (PID=815) to work on /usr/local/airflow/dags/dummy_pipeline.py
[2020-08-02 03:49:42,983] {scheduler_job.py:1560} INFO - Processing file /usr/local/airflow/dags/dummy_pipeline.py for tasks to queue
[2020-08-02 03:49:42,984] {logging_mixin.py:112} INFO - [2020-08-02 03:49:42,984] {dagbag.py:403} INFO - Filling up the DagBag from /usr/local/airflow/dags/dummy_pipeline.py
[2020-08-02 03:49:43,012] {scheduler_job.py:1572} INFO - DAG(s) dict_keys(['dummy_pipeline']) retrieved from /usr/local/airflow/dags/dummy_pipeline.py
[2020-08-02 03:49:43,060] {scheduler_job.py:161} INFO - Processing /usr/local/airflow/dags/dummy_pipeline.py took 0.083 seconds
[2020-08-02 03:49:44,991] {logging_mixin.py:112} INFO - [2020-08-02 03:49:44,990] {settings.py:253} INFO - settings.configure_orm(): Using pool settings. pool_size=5, max_overflow=10, pool_recycle=1800, pid=835
[2020-08-02 03:49:44,998] {scheduler_job.py:153} INFO - Started process (PID=835) to work on /usr/local/airflow/dags/dummy_pipeline.py
[2020-08-02 03:49:45,006] {scheduler_job.py:1560} INFO - Processing file /usr/local/airflow/dags/dummy_pipeline.py for tasks to queue
[2020-08-02 03:49:45,008] {logging_mixin.py:112} INFO - [2020-08-02 03:49:45,008] {dagbag.py:403} INFO - Filling up the DagBag from /usr/local/airflow/dags/dummy_pipeline.py
[2020-08-02 03:49:45,053] {scheduler_job.py:1572} INFO - DAG(s) dict_keys(['dummy_pipeline']) retrieved from /usr/local/airflow/dags/dummy_pipeline.py
[2020-08-02 03:49:45,120] {scheduler_job.py:161} INFO - Processing /usr/local/airflow/dags/dummy_pipeline.py took 0.122 seconds
[2020-08-02 03:49:47,028] {logging_mixin.py:112} INFO - [2020-08-02 03:49:47,027] {settings.py:253} INFO - settings.configure_orm(): Using pool settings. pool_size=5, max_overflow=10, pool_recycle=1800, pid=855
[2020-08-02 03:49:47,031] {scheduler_job.py:153} INFO - Started process (PID=855) to work on /usr/local/airflow/dags/dummy_pipeline.py
[2020-08-02 03:49:47,036] {scheduler_job.py:1560} INFO - Processing file /usr/local/airflow/dags/dummy_pipeline.py for tasks to queue
[2020-08-02 03:49:47,038] {logging_mixin.py:112} INFO - [2020-08-02 03:49:47,038] {dagbag.py:403} INFO - Filling up the DagBag from /usr/local/airflow/dags/dummy_pipeline.py
[2020-08-02 03:49:47,076] {scheduler_job.py:1572} INFO - DAG(s) dict_keys(['dummy_pipeline']) retrieved from /usr/local/airflow/dags/dummy_pipeline.py
[2020-08-02 03:49:47,145] {scheduler_job.py:161} INFO - Processing /usr/local/airflow/dags/dummy_pipeline.py took 0.114 seconds
[2020-08-02 03:49:49,054] {logging_mixin.py:112} INFO - [2020-08-02 03:49:49,054] {settings.py:253} INFO - settings.configure_orm(): Using pool settings. pool_size=5, max_overflow=10, pool_recycle=1800, pid=877
[2020-08-02 03:49:49,071] {scheduler_job.py:153} INFO - Started process (PID=877) to work on /usr/local/airflow/dags/dummy_pipeline.py
[2020-08-02 03:49:49,074] {scheduler_job.py:1560} INFO - Processing file /usr/local/airflow/dags/dummy_pipeline.py for tasks to queue
[2020-08-02 03:49:49,075] {logging_mixin.py:112} INFO - [2020-08-02 03:49:49,075] {dagbag.py:403} INFO - Filling up the DagBag from /usr/local/airflow/dags/dummy_pipeline.py
[2020-08-02 03:49:49,105] {scheduler_job.py:1572} INFO - DAG(s) dict_keys(['dummy_pipeline']) retrieved from /usr/local/airflow/dags/dummy_pipeline.py
[2020-08-02 03:49:49,186] {scheduler_job.py:161} INFO - Processing /usr/local/airflow/dags/dummy_pipeline.py took 0.115 seconds
[2020-08-02 03:49:51,085] {logging_mixin.py:112} INFO - [2020-08-02 03:49:51,085] {settings.py:253} INFO - settings.configure_orm(): Using pool settings. pool_size=5, max_overflow=10, pool_recycle=1800, pid=897
[2020-08-02 03:49:51,098] {scheduler_job.py:153} INFO - Started process (PID=897) to work on /usr/local/airflow/dags/dummy_pipeline.py
[2020-08-02 03:49:51,106] {scheduler_job.py:1560} INFO - Processing file /usr/local/airflow/dags/dummy_pipeline.py for tasks to queue
[2020-08-02 03:49:51,111] {logging_mixin.py:112} INFO - [2020-08-02 03:49:51,111] {dagbag.py:403} INFO - Filling up the DagBag from /usr/local/airflow/dags/dummy_pipeline.py
[2020-08-02 03:49:51,172] {scheduler_job.py:1572} INFO - DAG(s) dict_keys(['dummy_pipeline']) retrieved from /usr/local/airflow/dags/dummy_pipeline.py
[2020-08-02 03:49:51,245] {scheduler_job.py:161} INFO - Processing /usr/local/airflow/dags/dummy_pipeline.py took 0.147 seconds
[2020-08-02 03:49:53,106] {logging_mixin.py:112} INFO - [2020-08-02 03:49:53,106] {settings.py:253} INFO - settings.configure_orm(): Using pool settings. pool_size=5, max_overflow=10, pool_recycle=1800, pid=917
[2020-08-02 03:49:53,111] {scheduler_job.py:153} INFO - Started process (PID=917) to work on /usr/local/airflow/dags/dummy_pipeline.py
[2020-08-02 03:49:53,119] {scheduler_job.py:1560} INFO - Processing file /usr/local/airflow/dags/dummy_pipeline.py for tasks to queue
[2020-08-02 03:49:53,121] {logging_mixin.py:112} INFO - [2020-08-02 03:49:53,120] {dagbag.py:403} INFO - Filling up the DagBag from /usr/local/airflow/dags/dummy_pipeline.py
[2020-08-02 03:49:53,157] {scheduler_job.py:1572} INFO - DAG(s) dict_keys(['dummy_pipeline']) retrieved from /usr/local/airflow/dags/dummy_pipeline.py
[2020-08-02 03:49:53,198] {scheduler_job.py:161} INFO - Processing /usr/local/airflow/dags/dummy_pipeline.py took 0.087 seconds
[2020-08-02 03:49:55,180] {logging_mixin.py:112} INFO - [2020-08-02 03:49:55,180] {settings.py:253} INFO - settings.configure_orm(): Using pool settings. pool_size=5, max_overflow=10, pool_recycle=1800, pid=937
[2020-08-02 03:49:55,184] {scheduler_job.py:153} INFO - Started process (PID=937) to work on /usr/local/airflow/dags/dummy_pipeline.py
[2020-08-02 03:49:55,188] {scheduler_job.py:1560} INFO - Processing file /usr/local/airflow/dags/dummy_pipeline.py for tasks to queue
[2020-08-02 03:49:55,188] {logging_mixin.py:112} INFO - [2020-08-02 03:49:55,188] {dagbag.py:403} INFO - Filling up the DagBag from /usr/local/airflow/dags/dummy_pipeline.py
[2020-08-02 03:49:55,221] {scheduler_job.py:1572} INFO - DAG(s) dict_keys(['dummy_pipeline']) retrieved from /usr/local/airflow/dags/dummy_pipeline.py
[2020-08-02 03:49:55,252] {scheduler_job.py:161} INFO - Processing /usr/local/airflow/dags/dummy_pipeline.py took 0.069 seconds
[2020-08-02 03:49:57,152] {logging_mixin.py:112} INFO - [2020-08-02 03:49:57,151] {settings.py:253} INFO - settings.configure_orm(): Using pool settings. pool_size=5, max_overflow=10, pool_recycle=1800, pid=957
[2020-08-02 03:49:57,156] {scheduler_job.py:153} INFO - Started process (PID=957) to work on /usr/local/airflow/dags/dummy_pipeline.py
[2020-08-02 03:49:57,159] {scheduler_job.py:1560} INFO - Processing file /usr/local/airflow/dags/dummy_pipeline.py for tasks to queue
[2020-08-02 03:49:57,160] {logging_mixin.py:112} INFO - [2020-08-02 03:49:57,160] {dagbag.py:403} INFO - Filling up the DagBag from /usr/local/airflow/dags/dummy_pipeline.py
[2020-08-02 03:49:57,180] {scheduler_job.py:1572} INFO - DAG(s) dict_keys(['dummy_pipeline']) retrieved from /usr/local/airflow/dags/dummy_pipeline.py
[2020-08-02 03:49:57,239] {scheduler_job.py:161} INFO - Processing /usr/local/airflow/dags/dummy_pipeline.py took 0.084 seconds
[2020-08-02 03:49:59,182] {logging_mixin.py:112} INFO - [2020-08-02 03:49:59,181] {settings.py:253} INFO - settings.configure_orm(): Using pool settings. pool_size=5, max_overflow=10, pool_recycle=1800, pid=977
[2020-08-02 03:49:59,185] {scheduler_job.py:153} INFO - Started process (PID=977) to work on /usr/local/airflow/dags/dummy_pipeline.py
[2020-08-02 03:49:59,190] {scheduler_job.py:1560} INFO - Processing file /usr/local/airflow/dags/dummy_pipeline.py for tasks to queue
[2020-08-02 03:49:59,192] {logging_mixin.py:112} INFO - [2020-08-02 03:49:59,192] {dagbag.py:403} INFO - Filling up the DagBag from /usr/local/airflow/dags/dummy_pipeline.py
[2020-08-02 03:49:59,219] {scheduler_job.py:1572} INFO - DAG(s) dict_keys(['dummy_pipeline']) retrieved from /usr/local/airflow/dags/dummy_pipeline.py
[2020-08-02 03:49:59,279] {scheduler_job.py:161} INFO - Processing /usr/local/airflow/dags/dummy_pipeline.py took 0.094 seconds
[2020-08-02 03:50:01,224] {logging_mixin.py:112} INFO - [2020-08-02 03:50:01,223] {settings.py:253} INFO - settings.configure_orm(): Using pool settings. pool_size=5, max_overflow=10, pool_recycle=1800, pid=997
[2020-08-02 03:50:01,238] {scheduler_job.py:153} INFO - Started process (PID=997) to work on /usr/local/airflow/dags/dummy_pipeline.py
[2020-08-02 03:50:01,243] {scheduler_job.py:1560} INFO - Processing file /usr/local/airflow/dags/dummy_pipeline.py for tasks to queue
[2020-08-02 03:50:01,246] {logging_mixin.py:112} INFO - [2020-08-02 03:50:01,245] {dagbag.py:403} INFO - Filling up the DagBag from /usr/local/airflow/dags/dummy_pipeline.py
[2020-08-02 03:50:01,312] {scheduler_job.py:1572} INFO - DAG(s) dict_keys(['dummy_pipeline']) retrieved from /usr/local/airflow/dags/dummy_pipeline.py
[2020-08-02 03:50:01,359] {scheduler_job.py:161} INFO - Processing /usr/local/airflow/dags/dummy_pipeline.py took 0.121 seconds
[2020-08-02 03:50:03,242] {logging_mixin.py:112} INFO - [2020-08-02 03:50:03,242] {settings.py:253} INFO - settings.configure_orm(): Using pool settings. pool_size=5, max_overflow=10, pool_recycle=1800, pid=1017
[2020-08-02 03:50:03,246] {scheduler_job.py:153} INFO - Started process (PID=1017) to work on /usr/local/airflow/dags/dummy_pipeline.py
[2020-08-02 03:50:03,250] {scheduler_job.py:1560} INFO - Processing file /usr/local/airflow/dags/dummy_pipeline.py for tasks to queue
[2020-08-02 03:50:03,253] {logging_mixin.py:112} INFO - [2020-08-02 03:50:03,252] {dagbag.py:403} INFO - Filling up the DagBag from /usr/local/airflow/dags/dummy_pipeline.py
[2020-08-02 03:50:03,287] {scheduler_job.py:1572} INFO - DAG(s) dict_keys(['dummy_pipeline']) retrieved from /usr/local/airflow/dags/dummy_pipeline.py
[2020-08-02 03:50:03,362] {scheduler_job.py:161} INFO - Processing /usr/local/airflow/dags/dummy_pipeline.py took 0.116 seconds
[2020-08-02 03:50:05,275] {logging_mixin.py:112} INFO - [2020-08-02 03:50:05,275] {settings.py:253} INFO - settings.configure_orm(): Using pool settings. pool_size=5, max_overflow=10, pool_recycle=1800, pid=1037
[2020-08-02 03:50:05,282] {scheduler_job.py:153} INFO - Started process (PID=1037) to work on /usr/local/airflow/dags/dummy_pipeline.py
[2020-08-02 03:50:05,288] {scheduler_job.py:1560} INFO - Processing file /usr/local/airflow/dags/dummy_pipeline.py for tasks to queue
[2020-08-02 03:50:05,290] {logging_mixin.py:112} INFO - [2020-08-02 03:50:05,290] {dagbag.py:403} INFO - Filling up the DagBag from /usr/local/airflow/dags/dummy_pipeline.py
[2020-08-02 03:50:05,324] {scheduler_job.py:1572} INFO - DAG(s) dict_keys(['dummy_pipeline']) retrieved from /usr/local/airflow/dags/dummy_pipeline.py
[2020-08-02 03:50:05,374] {scheduler_job.py:161} INFO - Processing /usr/local/airflow/dags/dummy_pipeline.py took 0.092 seconds
[2020-08-02 03:50:07,278] {logging_mixin.py:112} INFO - [2020-08-02 03:50:07,277] {settings.py:253} INFO - settings.configure_orm(): Using pool settings. pool_size=5, max_overflow=10, pool_recycle=1800, pid=1057
[2020-08-02 03:50:07,288] {scheduler_job.py:153} INFO - Started process (PID=1057) to work on /usr/local/airflow/dags/dummy_pipeline.py
[2020-08-02 03:50:07,293] {scheduler_job.py:1560} INFO - Processing file /usr/local/airflow/dags/dummy_pipeline.py for tasks to queue
[2020-08-02 03:50:07,296] {logging_mixin.py:112} INFO - [2020-08-02 03:50:07,296] {dagbag.py:403} INFO - Filling up the DagBag from /usr/local/airflow/dags/dummy_pipeline.py
[2020-08-02 03:50:07,329] {scheduler_job.py:1572} INFO - DAG(s) dict_keys(['dummy_pipeline']) retrieved from /usr/local/airflow/dags/dummy_pipeline.py
[2020-08-02 03:50:07,375] {scheduler_job.py:161} INFO - Processing /usr/local/airflow/dags/dummy_pipeline.py took 0.087 seconds
[2020-08-02 03:50:09,379] {logging_mixin.py:112} INFO - [2020-08-02 03:50:09,378] {settings.py:253} INFO - settings.configure_orm(): Using pool settings. pool_size=5, max_overflow=10, pool_recycle=1800, pid=1077
[2020-08-02 03:50:09,421] {scheduler_job.py:153} INFO - Started process (PID=1077) to work on /usr/local/airflow/dags/dummy_pipeline.py
[2020-08-02 03:50:09,428] {scheduler_job.py:1560} INFO - Processing file /usr/local/airflow/dags/dummy_pipeline.py for tasks to queue
[2020-08-02 03:50:09,443] {logging_mixin.py:112} INFO - [2020-08-02 03:50:09,443] {dagbag.py:403} INFO - Filling up the DagBag from /usr/local/airflow/dags/dummy_pipeline.py
