[2020-08-02 03:48:40,206] {logging_mixin.py:112} INFO - [2020-08-02 03:48:40,206] {settings.py:253} INFO - settings.configure_orm(): Using pool settings. pool_size=5, max_overflow=10, pool_recycle=1800, pid=173
[2020-08-02 03:48:40,212] {scheduler_job.py:153} INFO - Started process (PID=173) to work on /usr/local/airflow/dags/python_pipeline.py
[2020-08-02 03:48:40,216] {scheduler_job.py:1560} INFO - Processing file /usr/local/airflow/dags/python_pipeline.py for tasks to queue
[2020-08-02 03:48:40,220] {logging_mixin.py:112} INFO - [2020-08-02 03:48:40,219] {dagbag.py:403} INFO - Filling up the DagBag from /usr/local/airflow/dags/python_pipeline.py
[2020-08-02 03:48:40,241] {scheduler_job.py:1572} INFO - DAG(s) dict_keys(['python_pipeline']) retrieved from /usr/local/airflow/dags/python_pipeline.py
[2020-08-02 03:48:40,308] {scheduler_job.py:161} INFO - Processing /usr/local/airflow/dags/python_pipeline.py took 0.096 seconds
[2020-08-02 03:48:42,220] {logging_mixin.py:112} INFO - [2020-08-02 03:48:42,220] {settings.py:253} INFO - settings.configure_orm(): Using pool settings. pool_size=5, max_overflow=10, pool_recycle=1800, pid=201
[2020-08-02 03:48:42,228] {scheduler_job.py:153} INFO - Started process (PID=201) to work on /usr/local/airflow/dags/python_pipeline.py
[2020-08-02 03:48:42,232] {scheduler_job.py:1560} INFO - Processing file /usr/local/airflow/dags/python_pipeline.py for tasks to queue
[2020-08-02 03:48:42,243] {logging_mixin.py:112} INFO - [2020-08-02 03:48:42,243] {dagbag.py:403} INFO - Filling up the DagBag from /usr/local/airflow/dags/python_pipeline.py
[2020-08-02 03:48:42,311] {scheduler_job.py:1572} INFO - DAG(s) dict_keys(['python_pipeline']) retrieved from /usr/local/airflow/dags/python_pipeline.py
[2020-08-02 03:48:42,436] {scheduler_job.py:161} INFO - Processing /usr/local/airflow/dags/python_pipeline.py took 0.209 seconds
[2020-08-02 03:48:45,215] {logging_mixin.py:112} INFO - [2020-08-02 03:48:45,214] {settings.py:253} INFO - settings.configure_orm(): Using pool settings. pool_size=5, max_overflow=10, pool_recycle=1800, pid=228
[2020-08-02 03:48:45,217] {scheduler_job.py:153} INFO - Started process (PID=228) to work on /usr/local/airflow/dags/python_pipeline.py
[2020-08-02 03:48:45,220] {scheduler_job.py:1560} INFO - Processing file /usr/local/airflow/dags/python_pipeline.py for tasks to queue
[2020-08-02 03:48:45,221] {logging_mixin.py:112} INFO - [2020-08-02 03:48:45,221] {dagbag.py:403} INFO - Filling up the DagBag from /usr/local/airflow/dags/python_pipeline.py
[2020-08-02 03:48:45,241] {scheduler_job.py:1572} INFO - DAG(s) dict_keys(['python_pipeline']) retrieved from /usr/local/airflow/dags/python_pipeline.py
[2020-08-02 03:48:45,282] {scheduler_job.py:161} INFO - Processing /usr/local/airflow/dags/python_pipeline.py took 0.065 seconds
[2020-08-02 03:48:47,262] {logging_mixin.py:112} INFO - [2020-08-02 03:48:47,260] {settings.py:253} INFO - settings.configure_orm(): Using pool settings. pool_size=5, max_overflow=10, pool_recycle=1800, pid=251
[2020-08-02 03:48:47,270] {scheduler_job.py:153} INFO - Started process (PID=251) to work on /usr/local/airflow/dags/python_pipeline.py
[2020-08-02 03:48:47,281] {scheduler_job.py:1560} INFO - Processing file /usr/local/airflow/dags/python_pipeline.py for tasks to queue
[2020-08-02 03:48:47,285] {logging_mixin.py:112} INFO - [2020-08-02 03:48:47,285] {dagbag.py:403} INFO - Filling up the DagBag from /usr/local/airflow/dags/python_pipeline.py
[2020-08-02 03:48:47,308] {scheduler_job.py:1572} INFO - DAG(s) dict_keys(['python_pipeline']) retrieved from /usr/local/airflow/dags/python_pipeline.py
[2020-08-02 03:48:47,343] {scheduler_job.py:161} INFO - Processing /usr/local/airflow/dags/python_pipeline.py took 0.074 seconds
[2020-08-02 03:48:49,269] {logging_mixin.py:112} INFO - [2020-08-02 03:48:49,268] {settings.py:253} INFO - settings.configure_orm(): Using pool settings. pool_size=5, max_overflow=10, pool_recycle=1800, pid=269
[2020-08-02 03:48:49,274] {scheduler_job.py:153} INFO - Started process (PID=269) to work on /usr/local/airflow/dags/python_pipeline.py
[2020-08-02 03:48:49,280] {scheduler_job.py:1560} INFO - Processing file /usr/local/airflow/dags/python_pipeline.py for tasks to queue
[2020-08-02 03:48:49,283] {logging_mixin.py:112} INFO - [2020-08-02 03:48:49,283] {dagbag.py:403} INFO - Filling up the DagBag from /usr/local/airflow/dags/python_pipeline.py
[2020-08-02 03:48:49,310] {scheduler_job.py:1572} INFO - DAG(s) dict_keys(['python_pipeline']) retrieved from /usr/local/airflow/dags/python_pipeline.py
[2020-08-02 03:48:49,351] {scheduler_job.py:161} INFO - Processing /usr/local/airflow/dags/python_pipeline.py took 0.078 seconds
[2020-08-02 03:48:51,321] {logging_mixin.py:112} INFO - [2020-08-02 03:48:51,319] {settings.py:253} INFO - settings.configure_orm(): Using pool settings. pool_size=5, max_overflow=10, pool_recycle=1800, pid=291
[2020-08-02 03:48:51,329] {scheduler_job.py:153} INFO - Started process (PID=291) to work on /usr/local/airflow/dags/python_pipeline.py
[2020-08-02 03:48:51,336] {scheduler_job.py:1560} INFO - Processing file /usr/local/airflow/dags/python_pipeline.py for tasks to queue
[2020-08-02 03:48:51,338] {logging_mixin.py:112} INFO - [2020-08-02 03:48:51,338] {dagbag.py:403} INFO - Filling up the DagBag from /usr/local/airflow/dags/python_pipeline.py
[2020-08-02 03:48:51,364] {scheduler_job.py:1572} INFO - DAG(s) dict_keys(['python_pipeline']) retrieved from /usr/local/airflow/dags/python_pipeline.py
[2020-08-02 03:48:51,401] {scheduler_job.py:161} INFO - Processing /usr/local/airflow/dags/python_pipeline.py took 0.071 seconds
[2020-08-02 03:48:53,338] {logging_mixin.py:112} INFO - [2020-08-02 03:48:53,338] {settings.py:253} INFO - settings.configure_orm(): Using pool settings. pool_size=5, max_overflow=10, pool_recycle=1800, pid=311
[2020-08-02 03:48:53,342] {scheduler_job.py:153} INFO - Started process (PID=311) to work on /usr/local/airflow/dags/python_pipeline.py
[2020-08-02 03:48:53,345] {scheduler_job.py:1560} INFO - Processing file /usr/local/airflow/dags/python_pipeline.py for tasks to queue
[2020-08-02 03:48:53,347] {logging_mixin.py:112} INFO - [2020-08-02 03:48:53,347] {dagbag.py:403} INFO - Filling up the DagBag from /usr/local/airflow/dags/python_pipeline.py
[2020-08-02 03:48:53,380] {scheduler_job.py:1572} INFO - DAG(s) dict_keys(['python_pipeline']) retrieved from /usr/local/airflow/dags/python_pipeline.py
[2020-08-02 03:48:53,432] {scheduler_job.py:161} INFO - Processing /usr/local/airflow/dags/python_pipeline.py took 0.091 seconds
[2020-08-02 03:48:55,364] {logging_mixin.py:112} INFO - [2020-08-02 03:48:55,363] {settings.py:253} INFO - settings.configure_orm(): Using pool settings. pool_size=5, max_overflow=10, pool_recycle=1800, pid=331
[2020-08-02 03:48:55,367] {scheduler_job.py:153} INFO - Started process (PID=331) to work on /usr/local/airflow/dags/python_pipeline.py
[2020-08-02 03:48:55,389] {scheduler_job.py:1560} INFO - Processing file /usr/local/airflow/dags/python_pipeline.py for tasks to queue
[2020-08-02 03:48:55,390] {logging_mixin.py:112} INFO - [2020-08-02 03:48:55,390] {dagbag.py:403} INFO - Filling up the DagBag from /usr/local/airflow/dags/python_pipeline.py
[2020-08-02 03:48:55,427] {scheduler_job.py:1572} INFO - DAG(s) dict_keys(['python_pipeline']) retrieved from /usr/local/airflow/dags/python_pipeline.py
[2020-08-02 03:48:55,467] {scheduler_job.py:161} INFO - Processing /usr/local/airflow/dags/python_pipeline.py took 0.100 seconds
[2020-08-02 03:48:57,411] {logging_mixin.py:112} INFO - [2020-08-02 03:48:57,411] {settings.py:253} INFO - settings.configure_orm(): Using pool settings. pool_size=5, max_overflow=10, pool_recycle=1800, pid=349
[2020-08-02 03:48:57,424] {scheduler_job.py:153} INFO - Started process (PID=349) to work on /usr/local/airflow/dags/python_pipeline.py
[2020-08-02 03:48:57,431] {scheduler_job.py:1560} INFO - Processing file /usr/local/airflow/dags/python_pipeline.py for tasks to queue
[2020-08-02 03:48:57,434] {logging_mixin.py:112} INFO - [2020-08-02 03:48:57,434] {dagbag.py:403} INFO - Filling up the DagBag from /usr/local/airflow/dags/python_pipeline.py
[2020-08-02 03:48:57,493] {scheduler_job.py:1572} INFO - DAG(s) dict_keys(['python_pipeline']) retrieved from /usr/local/airflow/dags/python_pipeline.py
[2020-08-02 03:48:57,558] {scheduler_job.py:161} INFO - Processing /usr/local/airflow/dags/python_pipeline.py took 0.134 seconds
[2020-08-02 03:48:59,420] {logging_mixin.py:112} INFO - [2020-08-02 03:48:59,420] {settings.py:253} INFO - settings.configure_orm(): Using pool settings. pool_size=5, max_overflow=10, pool_recycle=1800, pid=369
[2020-08-02 03:48:59,425] {scheduler_job.py:153} INFO - Started process (PID=369) to work on /usr/local/airflow/dags/python_pipeline.py
[2020-08-02 03:48:59,430] {scheduler_job.py:1560} INFO - Processing file /usr/local/airflow/dags/python_pipeline.py for tasks to queue
[2020-08-02 03:48:59,431] {logging_mixin.py:112} INFO - [2020-08-02 03:48:59,431] {dagbag.py:403} INFO - Filling up the DagBag from /usr/local/airflow/dags/python_pipeline.py
[2020-08-02 03:48:59,463] {scheduler_job.py:1572} INFO - DAG(s) dict_keys(['python_pipeline']) retrieved from /usr/local/airflow/dags/python_pipeline.py
[2020-08-02 03:48:59,518] {scheduler_job.py:161} INFO - Processing /usr/local/airflow/dags/python_pipeline.py took 0.092 seconds
[2020-08-02 03:49:01,447] {logging_mixin.py:112} INFO - [2020-08-02 03:49:01,447] {settings.py:253} INFO - settings.configure_orm(): Using pool settings. pool_size=5, max_overflow=10, pool_recycle=1800, pid=390
[2020-08-02 03:49:01,452] {scheduler_job.py:153} INFO - Started process (PID=390) to work on /usr/local/airflow/dags/python_pipeline.py
[2020-08-02 03:49:01,458] {scheduler_job.py:1560} INFO - Processing file /usr/local/airflow/dags/python_pipeline.py for tasks to queue
[2020-08-02 03:49:01,460] {logging_mixin.py:112} INFO - [2020-08-02 03:49:01,460] {dagbag.py:403} INFO - Filling up the DagBag from /usr/local/airflow/dags/python_pipeline.py
[2020-08-02 03:49:01,486] {scheduler_job.py:1572} INFO - DAG(s) dict_keys(['python_pipeline']) retrieved from /usr/local/airflow/dags/python_pipeline.py
[2020-08-02 03:49:01,526] {scheduler_job.py:161} INFO - Processing /usr/local/airflow/dags/python_pipeline.py took 0.074 seconds
[2020-08-02 03:49:03,475] {logging_mixin.py:112} INFO - [2020-08-02 03:49:03,474] {settings.py:253} INFO - settings.configure_orm(): Using pool settings. pool_size=5, max_overflow=10, pool_recycle=1800, pid=409
[2020-08-02 03:49:03,480] {scheduler_job.py:153} INFO - Started process (PID=409) to work on /usr/local/airflow/dags/python_pipeline.py
[2020-08-02 03:49:03,484] {scheduler_job.py:1560} INFO - Processing file /usr/local/airflow/dags/python_pipeline.py for tasks to queue
[2020-08-02 03:49:03,485] {logging_mixin.py:112} INFO - [2020-08-02 03:49:03,485] {dagbag.py:403} INFO - Filling up the DagBag from /usr/local/airflow/dags/python_pipeline.py
[2020-08-02 03:49:03,519] {scheduler_job.py:1572} INFO - DAG(s) dict_keys(['python_pipeline']) retrieved from /usr/local/airflow/dags/python_pipeline.py
[2020-08-02 03:49:03,569] {scheduler_job.py:161} INFO - Processing /usr/local/airflow/dags/python_pipeline.py took 0.090 seconds
[2020-08-02 03:49:05,512] {logging_mixin.py:112} INFO - [2020-08-02 03:49:05,511] {settings.py:253} INFO - settings.configure_orm(): Using pool settings. pool_size=5, max_overflow=10, pool_recycle=1800, pid=431
[2020-08-02 03:49:05,521] {scheduler_job.py:153} INFO - Started process (PID=431) to work on /usr/local/airflow/dags/python_pipeline.py
[2020-08-02 03:49:05,524] {scheduler_job.py:1560} INFO - Processing file /usr/local/airflow/dags/python_pipeline.py for tasks to queue
[2020-08-02 03:49:05,526] {logging_mixin.py:112} INFO - [2020-08-02 03:49:05,526] {dagbag.py:403} INFO - Filling up the DagBag from /usr/local/airflow/dags/python_pipeline.py
[2020-08-02 03:49:05,557] {scheduler_job.py:1572} INFO - DAG(s) dict_keys(['python_pipeline']) retrieved from /usr/local/airflow/dags/python_pipeline.py
[2020-08-02 03:49:05,609] {scheduler_job.py:161} INFO - Processing /usr/local/airflow/dags/python_pipeline.py took 0.088 seconds
[2020-08-02 03:49:07,499] {logging_mixin.py:112} INFO - [2020-08-02 03:49:07,499] {settings.py:253} INFO - settings.configure_orm(): Using pool settings. pool_size=5, max_overflow=10, pool_recycle=1800, pid=452
[2020-08-02 03:49:07,506] {scheduler_job.py:153} INFO - Started process (PID=452) to work on /usr/local/airflow/dags/python_pipeline.py
[2020-08-02 03:49:07,510] {scheduler_job.py:1560} INFO - Processing file /usr/local/airflow/dags/python_pipeline.py for tasks to queue
[2020-08-02 03:49:07,514] {logging_mixin.py:112} INFO - [2020-08-02 03:49:07,513] {dagbag.py:403} INFO - Filling up the DagBag from /usr/local/airflow/dags/python_pipeline.py
[2020-08-02 03:49:07,539] {scheduler_job.py:1572} INFO - DAG(s) dict_keys(['python_pipeline']) retrieved from /usr/local/airflow/dags/python_pipeline.py
[2020-08-02 03:49:07,592] {scheduler_job.py:161} INFO - Processing /usr/local/airflow/dags/python_pipeline.py took 0.086 seconds
[2020-08-02 03:49:09,527] {logging_mixin.py:112} INFO - [2020-08-02 03:49:09,526] {settings.py:253} INFO - settings.configure_orm(): Using pool settings. pool_size=5, max_overflow=10, pool_recycle=1800, pid=475
[2020-08-02 03:49:09,532] {scheduler_job.py:153} INFO - Started process (PID=475) to work on /usr/local/airflow/dags/python_pipeline.py
[2020-08-02 03:49:09,539] {scheduler_job.py:1560} INFO - Processing file /usr/local/airflow/dags/python_pipeline.py for tasks to queue
[2020-08-02 03:49:09,540] {logging_mixin.py:112} INFO - [2020-08-02 03:49:09,540] {dagbag.py:403} INFO - Filling up the DagBag from /usr/local/airflow/dags/python_pipeline.py
[2020-08-02 03:49:09,573] {scheduler_job.py:1572} INFO - DAG(s) dict_keys(['python_pipeline']) retrieved from /usr/local/airflow/dags/python_pipeline.py
[2020-08-02 03:49:09,621] {scheduler_job.py:161} INFO - Processing /usr/local/airflow/dags/python_pipeline.py took 0.088 seconds
[2020-08-02 03:49:12,634] {logging_mixin.py:112} INFO - [2020-08-02 03:49:12,634] {settings.py:253} INFO - settings.configure_orm(): Using pool settings. pool_size=5, max_overflow=10, pool_recycle=1800, pid=503
[2020-08-02 03:49:12,637] {scheduler_job.py:153} INFO - Started process (PID=503) to work on /usr/local/airflow/dags/python_pipeline.py
[2020-08-02 03:49:12,641] {scheduler_job.py:1560} INFO - Processing file /usr/local/airflow/dags/python_pipeline.py for tasks to queue
[2020-08-02 03:49:12,645] {logging_mixin.py:112} INFO - [2020-08-02 03:49:12,644] {dagbag.py:403} INFO - Filling up the DagBag from /usr/local/airflow/dags/python_pipeline.py
[2020-08-02 03:49:12,671] {scheduler_job.py:1572} INFO - DAG(s) dict_keys(['python_pipeline']) retrieved from /usr/local/airflow/dags/python_pipeline.py
[2020-08-02 03:49:12,733] {scheduler_job.py:161} INFO - Processing /usr/local/airflow/dags/python_pipeline.py took 0.096 seconds
[2020-08-02 03:49:15,656] {logging_mixin.py:112} INFO - [2020-08-02 03:49:15,655] {settings.py:253} INFO - settings.configure_orm(): Using pool settings. pool_size=5, max_overflow=10, pool_recycle=1800, pid=540
[2020-08-02 03:49:15,680] {scheduler_job.py:153} INFO - Started process (PID=540) to work on /usr/local/airflow/dags/python_pipeline.py
[2020-08-02 03:49:15,697] {scheduler_job.py:1560} INFO - Processing file /usr/local/airflow/dags/python_pipeline.py for tasks to queue
[2020-08-02 03:49:15,703] {logging_mixin.py:112} INFO - [2020-08-02 03:49:15,702] {dagbag.py:403} INFO - Filling up the DagBag from /usr/local/airflow/dags/python_pipeline.py
[2020-08-02 03:49:15,773] {scheduler_job.py:1572} INFO - DAG(s) dict_keys(['python_pipeline']) retrieved from /usr/local/airflow/dags/python_pipeline.py
[2020-08-02 03:49:15,855] {scheduler_job.py:161} INFO - Processing /usr/local/airflow/dags/python_pipeline.py took 0.175 seconds
[2020-08-02 03:49:18,708] {logging_mixin.py:112} INFO - [2020-08-02 03:49:18,708] {settings.py:253} INFO - settings.configure_orm(): Using pool settings. pool_size=5, max_overflow=10, pool_recycle=1800, pid=569
[2020-08-02 03:49:18,715] {scheduler_job.py:153} INFO - Started process (PID=569) to work on /usr/local/airflow/dags/python_pipeline.py
[2020-08-02 03:49:18,731] {scheduler_job.py:1560} INFO - Processing file /usr/local/airflow/dags/python_pipeline.py for tasks to queue
[2020-08-02 03:49:18,733] {logging_mixin.py:112} INFO - [2020-08-02 03:49:18,733] {dagbag.py:403} INFO - Filling up the DagBag from /usr/local/airflow/dags/python_pipeline.py
[2020-08-02 03:49:18,761] {scheduler_job.py:1572} INFO - DAG(s) dict_keys(['python_pipeline']) retrieved from /usr/local/airflow/dags/python_pipeline.py
[2020-08-02 03:49:18,836] {scheduler_job.py:161} INFO - Processing /usr/local/airflow/dags/python_pipeline.py took 0.120 seconds
[2020-08-02 03:49:20,701] {logging_mixin.py:112} INFO - [2020-08-02 03:49:20,701] {settings.py:253} INFO - settings.configure_orm(): Using pool settings. pool_size=5, max_overflow=10, pool_recycle=1800, pid=597
[2020-08-02 03:49:20,705] {scheduler_job.py:153} INFO - Started process (PID=597) to work on /usr/local/airflow/dags/python_pipeline.py
[2020-08-02 03:49:20,708] {scheduler_job.py:1560} INFO - Processing file /usr/local/airflow/dags/python_pipeline.py for tasks to queue
[2020-08-02 03:49:20,709] {logging_mixin.py:112} INFO - [2020-08-02 03:49:20,709] {dagbag.py:403} INFO - Filling up the DagBag from /usr/local/airflow/dags/python_pipeline.py
[2020-08-02 03:49:20,757] {scheduler_job.py:1572} INFO - DAG(s) dict_keys(['python_pipeline']) retrieved from /usr/local/airflow/dags/python_pipeline.py
[2020-08-02 03:49:20,790] {scheduler_job.py:161} INFO - Processing /usr/local/airflow/dags/python_pipeline.py took 0.085 seconds
[2020-08-02 03:49:22,718] {logging_mixin.py:112} INFO - [2020-08-02 03:49:22,717] {settings.py:253} INFO - settings.configure_orm(): Using pool settings. pool_size=5, max_overflow=10, pool_recycle=1800, pid=618
[2020-08-02 03:49:22,721] {scheduler_job.py:153} INFO - Started process (PID=618) to work on /usr/local/airflow/dags/python_pipeline.py
[2020-08-02 03:49:22,729] {scheduler_job.py:1560} INFO - Processing file /usr/local/airflow/dags/python_pipeline.py for tasks to queue
[2020-08-02 03:49:22,729] {logging_mixin.py:112} INFO - [2020-08-02 03:49:22,729] {dagbag.py:403} INFO - Filling up the DagBag from /usr/local/airflow/dags/python_pipeline.py
[2020-08-02 03:49:22,756] {scheduler_job.py:1572} INFO - DAG(s) dict_keys(['python_pipeline']) retrieved from /usr/local/airflow/dags/python_pipeline.py
[2020-08-02 03:49:22,803] {scheduler_job.py:161} INFO - Processing /usr/local/airflow/dags/python_pipeline.py took 0.082 seconds
[2020-08-02 03:49:24,813] {logging_mixin.py:112} INFO - [2020-08-02 03:49:24,812] {settings.py:253} INFO - settings.configure_orm(): Using pool settings. pool_size=5, max_overflow=10, pool_recycle=1800, pid=637
[2020-08-02 03:49:24,824] {scheduler_job.py:153} INFO - Started process (PID=637) to work on /usr/local/airflow/dags/python_pipeline.py
[2020-08-02 03:49:24,828] {scheduler_job.py:1560} INFO - Processing file /usr/local/airflow/dags/python_pipeline.py for tasks to queue
[2020-08-02 03:49:24,833] {logging_mixin.py:112} INFO - [2020-08-02 03:49:24,833] {dagbag.py:403} INFO - Filling up the DagBag from /usr/local/airflow/dags/python_pipeline.py
[2020-08-02 03:49:24,852] {scheduler_job.py:1572} INFO - DAG(s) dict_keys(['python_pipeline']) retrieved from /usr/local/airflow/dags/python_pipeline.py
[2020-08-02 03:49:24,954] {scheduler_job.py:161} INFO - Processing /usr/local/airflow/dags/python_pipeline.py took 0.130 seconds
[2020-08-02 03:49:26,798] {logging_mixin.py:112} INFO - [2020-08-02 03:49:26,797] {settings.py:253} INFO - settings.configure_orm(): Using pool settings. pool_size=5, max_overflow=10, pool_recycle=1800, pid=658
[2020-08-02 03:49:26,801] {scheduler_job.py:153} INFO - Started process (PID=658) to work on /usr/local/airflow/dags/python_pipeline.py
[2020-08-02 03:49:26,815] {scheduler_job.py:1560} INFO - Processing file /usr/local/airflow/dags/python_pipeline.py for tasks to queue
[2020-08-02 03:49:26,818] {logging_mixin.py:112} INFO - [2020-08-02 03:49:26,817] {dagbag.py:403} INFO - Filling up the DagBag from /usr/local/airflow/dags/python_pipeline.py
[2020-08-02 03:49:26,843] {scheduler_job.py:1572} INFO - DAG(s) dict_keys(['python_pipeline']) retrieved from /usr/local/airflow/dags/python_pipeline.py
[2020-08-02 03:49:26,889] {scheduler_job.py:161} INFO - Processing /usr/local/airflow/dags/python_pipeline.py took 0.088 seconds
[2020-08-02 03:49:28,809] {logging_mixin.py:112} INFO - [2020-08-02 03:49:28,808] {settings.py:253} INFO - settings.configure_orm(): Using pool settings. pool_size=5, max_overflow=10, pool_recycle=1800, pid=678
[2020-08-02 03:49:28,814] {scheduler_job.py:153} INFO - Started process (PID=678) to work on /usr/local/airflow/dags/python_pipeline.py
[2020-08-02 03:49:28,818] {scheduler_job.py:1560} INFO - Processing file /usr/local/airflow/dags/python_pipeline.py for tasks to queue
[2020-08-02 03:49:28,823] {logging_mixin.py:112} INFO - [2020-08-02 03:49:28,823] {dagbag.py:403} INFO - Filling up the DagBag from /usr/local/airflow/dags/python_pipeline.py
[2020-08-02 03:49:28,860] {scheduler_job.py:1572} INFO - DAG(s) dict_keys(['python_pipeline']) retrieved from /usr/local/airflow/dags/python_pipeline.py
[2020-08-02 03:49:28,909] {scheduler_job.py:161} INFO - Processing /usr/local/airflow/dags/python_pipeline.py took 0.095 seconds
[2020-08-02 03:49:30,854] {logging_mixin.py:112} INFO - [2020-08-02 03:49:30,853] {settings.py:253} INFO - settings.configure_orm(): Using pool settings. pool_size=5, max_overflow=10, pool_recycle=1800, pid=696
[2020-08-02 03:49:30,858] {scheduler_job.py:153} INFO - Started process (PID=696) to work on /usr/local/airflow/dags/python_pipeline.py
[2020-08-02 03:49:30,867] {scheduler_job.py:1560} INFO - Processing file /usr/local/airflow/dags/python_pipeline.py for tasks to queue
[2020-08-02 03:49:30,869] {logging_mixin.py:112} INFO - [2020-08-02 03:49:30,868] {dagbag.py:403} INFO - Filling up the DagBag from /usr/local/airflow/dags/python_pipeline.py
[2020-08-02 03:49:30,905] {scheduler_job.py:1572} INFO - DAG(s) dict_keys(['python_pipeline']) retrieved from /usr/local/airflow/dags/python_pipeline.py
[2020-08-02 03:49:30,953] {scheduler_job.py:161} INFO - Processing /usr/local/airflow/dags/python_pipeline.py took 0.095 seconds
[2020-08-02 03:49:32,884] {logging_mixin.py:112} INFO - [2020-08-02 03:49:32,883] {settings.py:253} INFO - settings.configure_orm(): Using pool settings. pool_size=5, max_overflow=10, pool_recycle=1800, pid=718
[2020-08-02 03:49:32,888] {scheduler_job.py:153} INFO - Started process (PID=718) to work on /usr/local/airflow/dags/python_pipeline.py
[2020-08-02 03:49:32,891] {scheduler_job.py:1560} INFO - Processing file /usr/local/airflow/dags/python_pipeline.py for tasks to queue
[2020-08-02 03:49:32,892] {logging_mixin.py:112} INFO - [2020-08-02 03:49:32,892] {dagbag.py:403} INFO - Filling up the DagBag from /usr/local/airflow/dags/python_pipeline.py
[2020-08-02 03:49:32,934] {scheduler_job.py:1572} INFO - DAG(s) dict_keys(['python_pipeline']) retrieved from /usr/local/airflow/dags/python_pipeline.py
[2020-08-02 03:49:32,972] {scheduler_job.py:161} INFO - Processing /usr/local/airflow/dags/python_pipeline.py took 0.084 seconds
[2020-08-02 03:49:34,911] {logging_mixin.py:112} INFO - [2020-08-02 03:49:34,910] {settings.py:253} INFO - settings.configure_orm(): Using pool settings. pool_size=5, max_overflow=10, pool_recycle=1800, pid=737
[2020-08-02 03:49:34,926] {scheduler_job.py:153} INFO - Started process (PID=737) to work on /usr/local/airflow/dags/python_pipeline.py
[2020-08-02 03:49:34,933] {scheduler_job.py:1560} INFO - Processing file /usr/local/airflow/dags/python_pipeline.py for tasks to queue
[2020-08-02 03:49:34,935] {logging_mixin.py:112} INFO - [2020-08-02 03:49:34,934] {dagbag.py:403} INFO - Filling up the DagBag from /usr/local/airflow/dags/python_pipeline.py
[2020-08-02 03:49:34,968] {scheduler_job.py:1572} INFO - DAG(s) dict_keys(['python_pipeline']) retrieved from /usr/local/airflow/dags/python_pipeline.py
[2020-08-02 03:49:35,037] {scheduler_job.py:161} INFO - Processing /usr/local/airflow/dags/python_pipeline.py took 0.111 seconds
[2020-08-02 03:49:36,891] {logging_mixin.py:112} INFO - [2020-08-02 03:49:36,891] {settings.py:253} INFO - settings.configure_orm(): Using pool settings. pool_size=5, max_overflow=10, pool_recycle=1800, pid=758
[2020-08-02 03:49:36,895] {scheduler_job.py:153} INFO - Started process (PID=758) to work on /usr/local/airflow/dags/python_pipeline.py
[2020-08-02 03:49:36,899] {scheduler_job.py:1560} INFO - Processing file /usr/local/airflow/dags/python_pipeline.py for tasks to queue
[2020-08-02 03:49:36,901] {logging_mixin.py:112} INFO - [2020-08-02 03:49:36,900] {dagbag.py:403} INFO - Filling up the DagBag from /usr/local/airflow/dags/python_pipeline.py
[2020-08-02 03:49:36,924] {scheduler_job.py:1572} INFO - DAG(s) dict_keys(['python_pipeline']) retrieved from /usr/local/airflow/dags/python_pipeline.py
[2020-08-02 03:49:36,953] {scheduler_job.py:161} INFO - Processing /usr/local/airflow/dags/python_pipeline.py took 0.058 seconds
[2020-08-02 03:49:38,918] {logging_mixin.py:112} INFO - [2020-08-02 03:49:38,918] {settings.py:253} INFO - settings.configure_orm(): Using pool settings. pool_size=5, max_overflow=10, pool_recycle=1800, pid=776
[2020-08-02 03:49:38,923] {scheduler_job.py:153} INFO - Started process (PID=776) to work on /usr/local/airflow/dags/python_pipeline.py
[2020-08-02 03:49:38,926] {scheduler_job.py:1560} INFO - Processing file /usr/local/airflow/dags/python_pipeline.py for tasks to queue
[2020-08-02 03:49:38,927] {logging_mixin.py:112} INFO - [2020-08-02 03:49:38,927] {dagbag.py:403} INFO - Filling up the DagBag from /usr/local/airflow/dags/python_pipeline.py
[2020-08-02 03:49:38,956] {scheduler_job.py:1572} INFO - DAG(s) dict_keys(['python_pipeline']) retrieved from /usr/local/airflow/dags/python_pipeline.py
[2020-08-02 03:49:39,006] {scheduler_job.py:161} INFO - Processing /usr/local/airflow/dags/python_pipeline.py took 0.083 seconds
[2020-08-02 03:49:40,955] {logging_mixin.py:112} INFO - [2020-08-02 03:49:40,955] {settings.py:253} INFO - settings.configure_orm(): Using pool settings. pool_size=5, max_overflow=10, pool_recycle=1800, pid=798
[2020-08-02 03:49:40,958] {scheduler_job.py:153} INFO - Started process (PID=798) to work on /usr/local/airflow/dags/python_pipeline.py
[2020-08-02 03:49:40,967] {scheduler_job.py:1560} INFO - Processing file /usr/local/airflow/dags/python_pipeline.py for tasks to queue
[2020-08-02 03:49:40,970] {logging_mixin.py:112} INFO - [2020-08-02 03:49:40,969] {dagbag.py:403} INFO - Filling up the DagBag from /usr/local/airflow/dags/python_pipeline.py
[2020-08-02 03:49:41,008] {scheduler_job.py:1572} INFO - DAG(s) dict_keys(['python_pipeline']) retrieved from /usr/local/airflow/dags/python_pipeline.py
[2020-08-02 03:49:41,067] {scheduler_job.py:161} INFO - Processing /usr/local/airflow/dags/python_pipeline.py took 0.108 seconds
[2020-08-02 03:49:42,974] {logging_mixin.py:112} INFO - [2020-08-02 03:49:42,974] {settings.py:253} INFO - settings.configure_orm(): Using pool settings. pool_size=5, max_overflow=10, pool_recycle=1800, pid=816
[2020-08-02 03:49:42,977] {scheduler_job.py:153} INFO - Started process (PID=816) to work on /usr/local/airflow/dags/python_pipeline.py
[2020-08-02 03:49:42,982] {scheduler_job.py:1560} INFO - Processing file /usr/local/airflow/dags/python_pipeline.py for tasks to queue
[2020-08-02 03:49:42,983] {logging_mixin.py:112} INFO - [2020-08-02 03:49:42,983] {dagbag.py:403} INFO - Filling up the DagBag from /usr/local/airflow/dags/python_pipeline.py
[2020-08-02 03:49:43,013] {scheduler_job.py:1572} INFO - DAG(s) dict_keys(['python_pipeline']) retrieved from /usr/local/airflow/dags/python_pipeline.py
[2020-08-02 03:49:43,060] {scheduler_job.py:161} INFO - Processing /usr/local/airflow/dags/python_pipeline.py took 0.083 seconds
[2020-08-02 03:49:45,016] {logging_mixin.py:112} INFO - [2020-08-02 03:49:45,015] {settings.py:253} INFO - settings.configure_orm(): Using pool settings. pool_size=5, max_overflow=10, pool_recycle=1800, pid=838
[2020-08-02 03:49:45,019] {scheduler_job.py:153} INFO - Started process (PID=838) to work on /usr/local/airflow/dags/python_pipeline.py
[2020-08-02 03:49:45,023] {scheduler_job.py:1560} INFO - Processing file /usr/local/airflow/dags/python_pipeline.py for tasks to queue
[2020-08-02 03:49:45,025] {logging_mixin.py:112} INFO - [2020-08-02 03:49:45,025] {dagbag.py:403} INFO - Filling up the DagBag from /usr/local/airflow/dags/python_pipeline.py
[2020-08-02 03:49:45,067] {scheduler_job.py:1572} INFO - DAG(s) dict_keys(['python_pipeline']) retrieved from /usr/local/airflow/dags/python_pipeline.py
[2020-08-02 03:49:45,122] {scheduler_job.py:161} INFO - Processing /usr/local/airflow/dags/python_pipeline.py took 0.103 seconds
[2020-08-02 03:49:47,048] {logging_mixin.py:112} INFO - [2020-08-02 03:49:47,047] {settings.py:253} INFO - settings.configure_orm(): Using pool settings. pool_size=5, max_overflow=10, pool_recycle=1800, pid=858
[2020-08-02 03:49:47,052] {scheduler_job.py:153} INFO - Started process (PID=858) to work on /usr/local/airflow/dags/python_pipeline.py
[2020-08-02 03:49:47,065] {scheduler_job.py:1560} INFO - Processing file /usr/local/airflow/dags/python_pipeline.py for tasks to queue
[2020-08-02 03:49:47,067] {logging_mixin.py:112} INFO - [2020-08-02 03:49:47,067] {dagbag.py:403} INFO - Filling up the DagBag from /usr/local/airflow/dags/python_pipeline.py
[2020-08-02 03:49:47,119] {scheduler_job.py:1572} INFO - DAG(s) dict_keys(['python_pipeline']) retrieved from /usr/local/airflow/dags/python_pipeline.py
[2020-08-02 03:49:47,165] {scheduler_job.py:161} INFO - Processing /usr/local/airflow/dags/python_pipeline.py took 0.112 seconds
[2020-08-02 03:49:49,065] {logging_mixin.py:112} INFO - [2020-08-02 03:49:49,064] {settings.py:253} INFO - settings.configure_orm(): Using pool settings. pool_size=5, max_overflow=10, pool_recycle=1800, pid=878
[2020-08-02 03:49:49,069] {scheduler_job.py:153} INFO - Started process (PID=878) to work on /usr/local/airflow/dags/python_pipeline.py
[2020-08-02 03:49:49,083] {scheduler_job.py:1560} INFO - Processing file /usr/local/airflow/dags/python_pipeline.py for tasks to queue
[2020-08-02 03:49:49,086] {logging_mixin.py:112} INFO - [2020-08-02 03:49:49,085] {dagbag.py:403} INFO - Filling up the DagBag from /usr/local/airflow/dags/python_pipeline.py
[2020-08-02 03:49:49,131] {scheduler_job.py:1572} INFO - DAG(s) dict_keys(['python_pipeline']) retrieved from /usr/local/airflow/dags/python_pipeline.py
[2020-08-02 03:49:49,204] {scheduler_job.py:161} INFO - Processing /usr/local/airflow/dags/python_pipeline.py took 0.135 seconds
[2020-08-02 03:49:51,093] {logging_mixin.py:112} INFO - [2020-08-02 03:49:51,093] {settings.py:253} INFO - settings.configure_orm(): Using pool settings. pool_size=5, max_overflow=10, pool_recycle=1800, pid=898
[2020-08-02 03:49:51,096] {scheduler_job.py:153} INFO - Started process (PID=898) to work on /usr/local/airflow/dags/python_pipeline.py
[2020-08-02 03:49:51,102] {scheduler_job.py:1560} INFO - Processing file /usr/local/airflow/dags/python_pipeline.py for tasks to queue
[2020-08-02 03:49:51,107] {logging_mixin.py:112} INFO - [2020-08-02 03:49:51,107] {dagbag.py:403} INFO - Filling up the DagBag from /usr/local/airflow/dags/python_pipeline.py
[2020-08-02 03:49:51,158] {scheduler_job.py:1572} INFO - DAG(s) dict_keys(['python_pipeline']) retrieved from /usr/local/airflow/dags/python_pipeline.py
[2020-08-02 03:49:51,237] {scheduler_job.py:161} INFO - Processing /usr/local/airflow/dags/python_pipeline.py took 0.141 seconds
[2020-08-02 03:49:53,108] {logging_mixin.py:112} INFO - [2020-08-02 03:49:53,107] {settings.py:253} INFO - settings.configure_orm(): Using pool settings. pool_size=5, max_overflow=10, pool_recycle=1800, pid=918
[2020-08-02 03:49:53,113] {scheduler_job.py:153} INFO - Started process (PID=918) to work on /usr/local/airflow/dags/python_pipeline.py
[2020-08-02 03:49:53,116] {scheduler_job.py:1560} INFO - Processing file /usr/local/airflow/dags/python_pipeline.py for tasks to queue
[2020-08-02 03:49:53,119] {logging_mixin.py:112} INFO - [2020-08-02 03:49:53,119] {dagbag.py:403} INFO - Filling up the DagBag from /usr/local/airflow/dags/python_pipeline.py
[2020-08-02 03:49:53,153] {scheduler_job.py:1572} INFO - DAG(s) dict_keys(['python_pipeline']) retrieved from /usr/local/airflow/dags/python_pipeline.py
[2020-08-02 03:49:53,206] {scheduler_job.py:161} INFO - Processing /usr/local/airflow/dags/python_pipeline.py took 0.092 seconds
[2020-08-02 03:49:55,171] {logging_mixin.py:112} INFO - [2020-08-02 03:49:55,171] {settings.py:253} INFO - settings.configure_orm(): Using pool settings. pool_size=5, max_overflow=10, pool_recycle=1800, pid=938
[2020-08-02 03:49:55,175] {scheduler_job.py:153} INFO - Started process (PID=938) to work on /usr/local/airflow/dags/python_pipeline.py
[2020-08-02 03:49:55,178] {scheduler_job.py:1560} INFO - Processing file /usr/local/airflow/dags/python_pipeline.py for tasks to queue
[2020-08-02 03:49:55,179] {logging_mixin.py:112} INFO - [2020-08-02 03:49:55,179] {dagbag.py:403} INFO - Filling up the DagBag from /usr/local/airflow/dags/python_pipeline.py
[2020-08-02 03:49:55,214] {scheduler_job.py:1572} INFO - DAG(s) dict_keys(['python_pipeline']) retrieved from /usr/local/airflow/dags/python_pipeline.py
[2020-08-02 03:49:55,270] {scheduler_job.py:161} INFO - Processing /usr/local/airflow/dags/python_pipeline.py took 0.095 seconds
[2020-08-02 03:49:57,181] {logging_mixin.py:112} INFO - [2020-08-02 03:49:57,180] {settings.py:253} INFO - settings.configure_orm(): Using pool settings. pool_size=5, max_overflow=10, pool_recycle=1800, pid=960
[2020-08-02 03:49:57,184] {scheduler_job.py:153} INFO - Started process (PID=960) to work on /usr/local/airflow/dags/python_pipeline.py
[2020-08-02 03:49:57,188] {scheduler_job.py:1560} INFO - Processing file /usr/local/airflow/dags/python_pipeline.py for tasks to queue
[2020-08-02 03:49:57,192] {logging_mixin.py:112} INFO - [2020-08-02 03:49:57,192] {dagbag.py:403} INFO - Filling up the DagBag from /usr/local/airflow/dags/python_pipeline.py
[2020-08-02 03:49:57,216] {scheduler_job.py:1572} INFO - DAG(s) dict_keys(['python_pipeline']) retrieved from /usr/local/airflow/dags/python_pipeline.py
[2020-08-02 03:49:57,256] {scheduler_job.py:161} INFO - Processing /usr/local/airflow/dags/python_pipeline.py took 0.072 seconds
[2020-08-02 03:49:59,223] {logging_mixin.py:112} INFO - [2020-08-02 03:49:59,223] {settings.py:253} INFO - settings.configure_orm(): Using pool settings. pool_size=5, max_overflow=10, pool_recycle=1800, pid=980
[2020-08-02 03:49:59,228] {scheduler_job.py:153} INFO - Started process (PID=980) to work on /usr/local/airflow/dags/python_pipeline.py
[2020-08-02 03:49:59,233] {scheduler_job.py:1560} INFO - Processing file /usr/local/airflow/dags/python_pipeline.py for tasks to queue
[2020-08-02 03:49:59,234] {logging_mixin.py:112} INFO - [2020-08-02 03:49:59,234] {dagbag.py:403} INFO - Filling up the DagBag from /usr/local/airflow/dags/python_pipeline.py
[2020-08-02 03:49:59,274] {scheduler_job.py:1572} INFO - DAG(s) dict_keys(['python_pipeline']) retrieved from /usr/local/airflow/dags/python_pipeline.py
[2020-08-02 03:49:59,320] {scheduler_job.py:161} INFO - Processing /usr/local/airflow/dags/python_pipeline.py took 0.093 seconds
[2020-08-02 03:50:01,229] {logging_mixin.py:112} INFO - [2020-08-02 03:50:01,228] {settings.py:253} INFO - settings.configure_orm(): Using pool settings. pool_size=5, max_overflow=10, pool_recycle=1800, pid=1000
[2020-08-02 03:50:01,233] {scheduler_job.py:153} INFO - Started process (PID=1000) to work on /usr/local/airflow/dags/python_pipeline.py
[2020-08-02 03:50:01,241] {scheduler_job.py:1560} INFO - Processing file /usr/local/airflow/dags/python_pipeline.py for tasks to queue
[2020-08-02 03:50:01,245] {logging_mixin.py:112} INFO - [2020-08-02 03:50:01,245] {dagbag.py:403} INFO - Filling up the DagBag from /usr/local/airflow/dags/python_pipeline.py
[2020-08-02 03:50:01,288] {scheduler_job.py:1572} INFO - DAG(s) dict_keys(['python_pipeline']) retrieved from /usr/local/airflow/dags/python_pipeline.py
[2020-08-02 03:50:01,339] {scheduler_job.py:161} INFO - Processing /usr/local/airflow/dags/python_pipeline.py took 0.106 seconds
[2020-08-02 03:50:03,260] {logging_mixin.py:112} INFO - [2020-08-02 03:50:03,259] {settings.py:253} INFO - settings.configure_orm(): Using pool settings. pool_size=5, max_overflow=10, pool_recycle=1800, pid=1019
[2020-08-02 03:50:03,263] {scheduler_job.py:153} INFO - Started process (PID=1019) to work on /usr/local/airflow/dags/python_pipeline.py
[2020-08-02 03:50:03,292] {scheduler_job.py:1560} INFO - Processing file /usr/local/airflow/dags/python_pipeline.py for tasks to queue
[2020-08-02 03:50:03,299] {logging_mixin.py:112} INFO - [2020-08-02 03:50:03,298] {dagbag.py:403} INFO - Filling up the DagBag from /usr/local/airflow/dags/python_pipeline.py
[2020-08-02 03:50:03,324] {scheduler_job.py:1572} INFO - DAG(s) dict_keys(['python_pipeline']) retrieved from /usr/local/airflow/dags/python_pipeline.py
[2020-08-02 03:50:03,378] {scheduler_job.py:161} INFO - Processing /usr/local/airflow/dags/python_pipeline.py took 0.115 seconds
[2020-08-02 03:50:05,277] {logging_mixin.py:112} INFO - [2020-08-02 03:50:05,277] {settings.py:253} INFO - settings.configure_orm(): Using pool settings. pool_size=5, max_overflow=10, pool_recycle=1800, pid=1040
[2020-08-02 03:50:05,284] {scheduler_job.py:153} INFO - Started process (PID=1040) to work on /usr/local/airflow/dags/python_pipeline.py
[2020-08-02 03:50:05,288] {scheduler_job.py:1560} INFO - Processing file /usr/local/airflow/dags/python_pipeline.py for tasks to queue
[2020-08-02 03:50:05,290] {logging_mixin.py:112} INFO - [2020-08-02 03:50:05,290] {dagbag.py:403} INFO - Filling up the DagBag from /usr/local/airflow/dags/python_pipeline.py
[2020-08-02 03:50:05,325] {scheduler_job.py:1572} INFO - DAG(s) dict_keys(['python_pipeline']) retrieved from /usr/local/airflow/dags/python_pipeline.py
[2020-08-02 03:50:05,361] {scheduler_job.py:161} INFO - Processing /usr/local/airflow/dags/python_pipeline.py took 0.076 seconds
[2020-08-02 03:50:07,286] {logging_mixin.py:112} INFO - [2020-08-02 03:50:07,285] {settings.py:253} INFO - settings.configure_orm(): Using pool settings. pool_size=5, max_overflow=10, pool_recycle=1800, pid=1060
[2020-08-02 03:50:07,291] {scheduler_job.py:153} INFO - Started process (PID=1060) to work on /usr/local/airflow/dags/python_pipeline.py
[2020-08-02 03:50:07,298] {scheduler_job.py:1560} INFO - Processing file /usr/local/airflow/dags/python_pipeline.py for tasks to queue
[2020-08-02 03:50:07,300] {logging_mixin.py:112} INFO - [2020-08-02 03:50:07,300] {dagbag.py:403} INFO - Filling up the DagBag from /usr/local/airflow/dags/python_pipeline.py
[2020-08-02 03:50:07,335] {scheduler_job.py:1572} INFO - DAG(s) dict_keys(['python_pipeline']) retrieved from /usr/local/airflow/dags/python_pipeline.py
[2020-08-02 03:50:07,390] {scheduler_job.py:161} INFO - Processing /usr/local/airflow/dags/python_pipeline.py took 0.098 seconds
[2020-08-02 03:50:09,409] {logging_mixin.py:112} INFO - [2020-08-02 03:50:09,409] {settings.py:253} INFO - settings.configure_orm(): Using pool settings. pool_size=5, max_overflow=10, pool_recycle=1800, pid=1078
[2020-08-02 03:50:09,417] {scheduler_job.py:153} INFO - Started process (PID=1078) to work on /usr/local/airflow/dags/python_pipeline.py
[2020-08-02 03:50:09,420] {scheduler_job.py:1560} INFO - Processing file /usr/local/airflow/dags/python_pipeline.py for tasks to queue
[2020-08-02 03:50:09,429] {logging_mixin.py:112} INFO - [2020-08-02 03:50:09,429] {dagbag.py:403} INFO - Filling up the DagBag from /usr/local/airflow/dags/python_pipeline.py
