[2020-08-01 14:28:06,365] {taskinstance.py:670} INFO - Dependencies all met for <TaskInstance: bash_pipeline.hello 2020-08-01T07:27:58.256690+00:00 [queued]>
[2020-08-01 14:28:06,374] {taskinstance.py:670} INFO - Dependencies all met for <TaskInstance: bash_pipeline.hello 2020-08-01T07:27:58.256690+00:00 [queued]>
[2020-08-01 14:28:06,374] {taskinstance.py:880} INFO - 
--------------------------------------------------------------------------------
[2020-08-01 14:28:06,374] {taskinstance.py:881} INFO - Starting attempt 1 of 1
[2020-08-01 14:28:06,374] {taskinstance.py:882} INFO - 
--------------------------------------------------------------------------------
[2020-08-01 14:28:06,386] {taskinstance.py:901} INFO - Executing <Task(BashOperator): hello> on 2020-08-01T07:27:58.256690+00:00
[2020-08-01 14:28:06,389] {standard_task_runner.py:54} INFO - Started process 56908 to run task
[2020-08-01 14:28:06,409] {standard_task_runner.py:77} INFO - Running: ['airflow', 'run', 'bash_pipeline', 'hello', '2020-08-01T07:27:58.256690+00:00', '--job_id', '3', '--pool', 'default_pool', '--raw', '-sd', 'DAGS_FOLDER/bash_pipeline.py', '--cfg_path', '/var/folders/0y/s3f5qx_x2s98nj85sqc88f240000gn/T/tmpptv6kswc']
[2020-08-01 14:28:06,411] {standard_task_runner.py:78} INFO - Job 3: Subtask hello
[2020-08-01 14:28:06,437] {logging_mixin.py:112} INFO - Running %s on host %s <TaskInstance: bash_pipeline.hello 2020-08-01T07:27:58.256690+00:00 [running]> 1.0.0.0.0.0.0.0.0.0.0.0.0.0.0.0.0.0.0.0.0.0.0.0.0.0.0.0.0.0.0.0.ip6.arpa
[2020-08-01 14:28:06,453] {bash_operator.py:113} INFO - Tmp dir root location: 
 /var/folders/0y/s3f5qx_x2s98nj85sqc88f240000gn/T
[2020-08-01 14:28:06,454] {bash_operator.py:134} INFO - Temporary script location: /var/folders/0y/s3f5qx_x2s98nj85sqc88f240000gn/T/airflowtmpx5buxb96/hellowtpylpzg
[2020-08-01 14:28:06,454] {bash_operator.py:146} INFO - Running command: echo hello
[2020-08-01 14:28:06,460] {bash_operator.py:153} INFO - Output:
[2020-08-01 14:28:06,463] {bash_operator.py:157} INFO - hello
[2020-08-01 14:28:06,464] {bash_operator.py:159} INFO - Command exited with return code 0
[2020-08-01 14:28:06,470] {taskinstance.py:1057} INFO - Marking task as SUCCESS.dag_id=bash_pipeline, task_id=hello, execution_date=20200801T072758, start_date=20200801T072806, end_date=20200801T072806
[2020-08-01 14:28:11,362] {local_task_job.py:102} INFO - Task exited with return code 0
