[2020-08-01 15:54:52,010] {taskinstance.py:670} INFO - Dependencies all met for <TaskInstance: product_price_pipeline.get_product_upc_and_description 2020-08-01T08:54:35.361199+00:00 [queued]>
[2020-08-01 15:54:52,018] {taskinstance.py:670} INFO - Dependencies all met for <TaskInstance: product_price_pipeline.get_product_upc_and_description 2020-08-01T08:54:35.361199+00:00 [queued]>
[2020-08-01 15:54:52,018] {taskinstance.py:880} INFO - 
--------------------------------------------------------------------------------
[2020-08-01 15:54:52,018] {taskinstance.py:881} INFO - Starting attempt 1 of 1
[2020-08-01 15:54:52,018] {taskinstance.py:882} INFO - 
--------------------------------------------------------------------------------
[2020-08-01 15:54:52,024] {taskinstance.py:901} INFO - Executing <Task(PythonOperator): get_product_upc_and_description> on 2020-08-01T08:54:35.361199+00:00
[2020-08-01 15:54:52,025] {standard_task_runner.py:54} INFO - Started process 66339 to run task
[2020-08-01 15:54:52,044] {standard_task_runner.py:77} INFO - Running: ['airflow', 'run', 'product_price_pipeline', 'get_product_upc_and_description', '2020-08-01T08:54:35.361199+00:00', '--job_id', '9', '--pool', 'default_pool', '--raw', '-sd', 'DAGS_FOLDER/product_price_pipeline.py', '--cfg_path', '/var/folders/0y/s3f5qx_x2s98nj85sqc88f240000gn/T/tmpasyordn5']
[2020-08-01 15:54:52,045] {standard_task_runner.py:78} INFO - Job 9: Subtask get_product_upc_and_description
[2020-08-01 15:54:52,068] {logging_mixin.py:112} INFO - Running %s on host %s <TaskInstance: product_price_pipeline.get_product_upc_and_description 2020-08-01T08:54:35.361199+00:00 [running]> 1.0.0.0.0.0.0.0.0.0.0.0.0.0.0.0.0.0.0.0.0.0.0.0.0.0.0.0.0.0.0.0.ip6.arpa
[2020-08-01 15:54:52,192] {logging_mixin.py:112} WARNING - /Users/thanamat/train/airflow/ENV/lib/python3.8/site-packages/pandas/compat/__init__.py:120: UserWarning: Could not import the lzma module. Your installed Python is incomplete. Attempting to use lzma compression will result in a RuntimeError.
  warnings.warn(msg)
[2020-08-01 15:54:52,364] {logging_mixin.py:112} INFO -           UPC               DESCRIPTION   MANUFACTURER               CATEGORY  ... Unnamed: 11 Unnamed: 12  Unnamed: 13  Unnamed: 14
0  1111009477    PL MINI TWIST PRETZELS  PRIVATE LABEL             BAG SNACKS  ...         NaN         NaN          NaN          NaN
1  1111009497         PL PRETZEL STICKS  PRIVATE LABEL             BAG SNACKS  ...         NaN         NaN          NaN          NaN
2  1111009507         PL TWIST PRETZELS  PRIVATE LABEL             BAG SNACKS  ...         NaN         NaN          NaN          NaN
3  1111035398  PL BL MINT ANTSPTC RINSE  PRIVATE LABEL  ORAL HYGIENE PRODUCTS  ...         NaN         NaN          NaN          NaN
4  1111038078  PL BL MINT ANTSPTC RINSE  PRIVATE LABEL  ORAL HYGIENE PRODUCTS  ...         NaN         NaN          NaN          NaN

[5 rows x 15 columns]
[2020-08-01 15:54:52,364] {python_operator.py:114} INFO - Done. Returned value was: None
[2020-08-01 15:54:52,367] {taskinstance.py:1057} INFO - Marking task as SUCCESS.dag_id=product_price_pipeline, task_id=get_product_upc_and_description, execution_date=20200801T085435, start_date=20200801T085452, end_date=20200801T085452
[2020-08-01 15:54:57,011] {local_task_job.py:102} INFO - Task exited with return code 0
