[2020-08-01 15:51:58,040] {taskinstance.py:670} INFO - Dependencies all met for <TaskInstance: product_price_pipeline.get_product_upc_and_description 2020-08-01T08:51:46.332531+00:00 [queued]>
[2020-08-01 15:51:58,049] {taskinstance.py:670} INFO - Dependencies all met for <TaskInstance: product_price_pipeline.get_product_upc_and_description 2020-08-01T08:51:46.332531+00:00 [queued]>
[2020-08-01 15:51:58,054] {taskinstance.py:880} INFO - 
--------------------------------------------------------------------------------
[2020-08-01 15:51:58,054] {taskinstance.py:881} INFO - Starting attempt 1 of 1
[2020-08-01 15:51:58,054] {taskinstance.py:882} INFO - 
--------------------------------------------------------------------------------
[2020-08-01 15:51:58,062] {taskinstance.py:901} INFO - Executing <Task(PythonOperator): get_product_upc_and_description> on 2020-08-01T08:51:46.332531+00:00
[2020-08-01 15:51:58,064] {standard_task_runner.py:54} INFO - Started process 65963 to run task
[2020-08-01 15:51:58,090] {standard_task_runner.py:77} INFO - Running: ['airflow', 'run', 'product_price_pipeline', 'get_product_upc_and_description', '2020-08-01T08:51:46.332531+00:00', '--job_id', '8', '--pool', 'default_pool', '--raw', '-sd', 'DAGS_FOLDER/product_price_pipeline.py', '--cfg_path', '/var/folders/0y/s3f5qx_x2s98nj85sqc88f240000gn/T/tmphr1g2d1q']
[2020-08-01 15:51:58,092] {standard_task_runner.py:78} INFO - Job 8: Subtask get_product_upc_and_description
[2020-08-01 15:51:58,122] {logging_mixin.py:112} INFO - Running %s on host %s <TaskInstance: product_price_pipeline.get_product_upc_and_description 2020-08-01T08:51:46.332531+00:00 [running]> 1.0.0.0.0.0.0.0.0.0.0.0.0.0.0.0.0.0.0.0.0.0.0.0.0.0.0.0.0.0.0.0.ip6.arpa
[2020-08-01 15:51:58,238] {logging_mixin.py:112} WARNING - /Users/thanamat/train/airflow/ENV/lib/python3.8/site-packages/pandas/compat/__init__.py:120: UserWarning: Could not import the lzma module. Your installed Python is incomplete. Attempting to use lzma compression will result in a RuntimeError.
  warnings.warn(msg)
[2020-08-01 15:51:58,333] {logging_mixin.py:112} INFO -    Unnamed: 0                Unnamed: 1     Unnamed: 2 Breakfast at the Frat: A Time Series Analysis  ... Unnamed: 11 Unnamed: 12  Unnamed: 13  Unnamed: 14
0         UPC               DESCRIPTION   MANUFACTURER                                      CATEGORY  ...         NaN         NaN          NaN          NaN
1  1111009477    PL MINI TWIST PRETZELS  PRIVATE LABEL                                    BAG SNACKS  ...         NaN         NaN          NaN          NaN
2  1111009497         PL PRETZEL STICKS  PRIVATE LABEL                                    BAG SNACKS  ...         NaN         NaN          NaN          NaN
3  1111009507         PL TWIST PRETZELS  PRIVATE LABEL                                    BAG SNACKS  ...         NaN         NaN          NaN          NaN
4  1111035398  PL BL MINT ANTSPTC RINSE  PRIVATE LABEL                         ORAL HYGIENE PRODUCTS  ...         NaN         NaN          NaN          NaN

[5 rows x 15 columns]
[2020-08-01 15:51:58,333] {python_operator.py:114} INFO - Done. Returned value was: None
[2020-08-01 15:51:58,337] {taskinstance.py:1057} INFO - Marking task as SUCCESS.dag_id=product_price_pipeline, task_id=get_product_upc_and_description, execution_date=20200801T085146, start_date=20200801T085158, end_date=20200801T085158
[2020-08-01 15:52:03,037] {local_task_job.py:102} INFO - Task exited with return code 0
